mode: set
github.com/flowd-org/flowd/main.go:8.13,10.2 1 0
github.com/flowd-org/flowd/internal/argsloader/loader.go:15.60,17.16 2 1
github.com/flowd-org/flowd/internal/argsloader/loader.go:17.16,20.3 1 0
github.com/flowd-org/flowd/internal/argsloader/loader.go:22.2,23.53 2 1
github.com/flowd-org/flowd/internal/argsloader/loader.go:23.53,25.3 1 1
github.com/flowd-org/flowd/internal/argsloader/loader.go:25.8,28.3 1 0
github.com/flowd-org/flowd/internal/argsloader/loader.go:30.2,30.30 1 1
github.com/flowd-org/flowd/internal/argsloader/loader.go:30.30,33.53 3 1
github.com/flowd-org/flowd/internal/argsloader/loader.go:33.53,35.4 1 0
github.com/flowd-org/flowd/internal/argsloader/loader.go:36.3,36.17 1 1
github.com/flowd-org/flowd/internal/argsloader/loader.go:37.17,39.39 2 1
github.com/flowd-org/flowd/internal/argsloader/loader.go:40.18,42.37 2 1
github.com/flowd-org/flowd/internal/argsloader/loader.go:43.18,46.33 2 0
github.com/flowd-org/flowd/internal/argsloader/loader.go:47.13,48.13 1 0
github.com/flowd-org/flowd/internal/argsloader/loader.go:49.15,50.18 1 0
github.com/flowd-org/flowd/internal/argsloader/loader.go:51.17,52.18 1 0
github.com/flowd-org/flowd/internal/argsloader/loader.go:54.4,54.37 1 0
github.com/flowd-org/flowd/internal/argsloader/loader.go:55.16,57.44 1 1
github.com/flowd-org/flowd/internal/argsloader/loader.go:58.17,60.44 1 1
github.com/flowd-org/flowd/internal/argsloader/loader.go:61.11,62.69 1 0
github.com/flowd-org/flowd/internal/argsloader/loader.go:65.3,65.17 1 1
github.com/flowd-org/flowd/internal/argsloader/loader.go:65.17,67.4 1 1
github.com/flowd-org/flowd/internal/argsloader/loader.go:68.3,68.44 1 1
github.com/flowd-org/flowd/internal/argsloader/loader.go:68.44,70.141 2 0
github.com/flowd-org/flowd/internal/argsloader/loader.go:70.141,72.31 2 0
github.com/flowd-org/flowd/internal/argsloader/loader.go:72.31,73.42 1 0
github.com/flowd-org/flowd/internal/argsloader/loader.go:73.42,75.7 1 0
github.com/flowd-org/flowd/internal/argsloader/loader.go:77.5,77.51 1 0
github.com/flowd-org/flowd/internal/argsloader/loader.go:82.2,82.12 1 1
github.com/flowd-org/flowd/internal/executor/container/runner.go:24.76,25.21 1 1
github.com/flowd-org/flowd/internal/executor/container/runner.go:25.21,26.47 1 0
github.com/flowd-org/flowd/internal/executor/container/runner.go:26.47,28.4 1 0
github.com/flowd-org/flowd/internal/executor/container/runner.go:30.2,30.59 1 1
github.com/flowd-org/flowd/internal/executor/container/runner.go:30.59,32.3 1 1
github.com/flowd-org/flowd/internal/executor/container/runner.go:33.2,33.59 1 1
github.com/flowd-org/flowd/internal/executor/container/runner.go:33.59,35.3 1 1
github.com/flowd-org/flowd/internal/executor/container/runner.go:36.2,36.82 1 1
github.com/flowd-org/flowd/internal/executor/container/runner.go:66.51,67.22 1 1
github.com/flowd-org/flowd/internal/executor/container/runner.go:67.22,69.3 1 1
github.com/flowd-org/flowd/internal/executor/container/runner.go:70.2,70.24 1 1
github.com/flowd-org/flowd/internal/executor/container/runner.go:70.24,72.3 1 1
github.com/flowd-org/flowd/internal/executor/container/runner.go:74.2,75.17 2 1
github.com/flowd-org/flowd/internal/executor/container/runner.go:75.17,77.3 1 1
github.com/flowd-org/flowd/internal/executor/container/runner.go:78.2,78.21 1 1
github.com/flowd-org/flowd/internal/executor/container/runner.go:78.21,80.3 1 0
github.com/flowd-org/flowd/internal/executor/container/runner.go:83.2,87.26 2 1
github.com/flowd-org/flowd/internal/executor/container/runner.go:87.26,89.3 1 1
github.com/flowd-org/flowd/internal/executor/container/runner.go:91.2,92.23 2 1
github.com/flowd-org/flowd/internal/executor/container/runner.go:92.23,94.3 1 1
github.com/flowd-org/flowd/internal/executor/container/runner.go:95.2,97.40 2 1
github.com/flowd-org/flowd/internal/executor/container/runner.go:97.40,99.16 2 1
github.com/flowd-org/flowd/internal/executor/container/runner.go:99.16,100.12 1 0
github.com/flowd-org/flowd/internal/executor/container/runner.go:102.3,102.40 1 1
github.com/flowd-org/flowd/internal/executor/container/runner.go:105.2,105.24 1 1
github.com/flowd-org/flowd/internal/executor/container/runner.go:105.24,107.3 1 0
github.com/flowd-org/flowd/internal/executor/container/runner.go:109.2,109.33 1 1
github.com/flowd-org/flowd/internal/executor/container/runner.go:109.33,111.3 1 1
github.com/flowd-org/flowd/internal/executor/container/runner.go:113.2,113.32 1 1
github.com/flowd-org/flowd/internal/executor/container/runner.go:113.32,114.42 1 1
github.com/flowd-org/flowd/internal/executor/container/runner.go:114.42,116.4 1 1
github.com/flowd-org/flowd/internal/executor/container/runner.go:117.3,118.17 2 1
github.com/flowd-org/flowd/internal/executor/container/runner.go:118.17,120.4 1 1
github.com/flowd-org/flowd/internal/executor/container/runner.go:121.3,122.44 2 1
github.com/flowd-org/flowd/internal/executor/container/runner.go:125.2,125.29 1 1
github.com/flowd-org/flowd/internal/executor/container/runner.go:125.29,127.3 1 0
github.com/flowd-org/flowd/internal/executor/container/runner.go:129.2,131.18 3 1
github.com/flowd-org/flowd/internal/executor/container/runner.go:134.35,135.43 1 1
github.com/flowd-org/flowd/internal/executor/container/runner.go:135.43,137.3 1 0
github.com/flowd-org/flowd/internal/executor/container/runner.go:138.2,138.36 1 1
github.com/flowd-org/flowd/internal/executor/container/runner.go:138.36,140.3 1 1
github.com/flowd-org/flowd/internal/executor/container/runner.go:141.2,141.12 1 1
github.com/flowd-org/flowd/internal/executor/container/runner.go:145.54,147.2 1 0
github.com/flowd-org/flowd/internal/executor/container/runner.go:149.97,150.16 1 0
github.com/flowd-org/flowd/internal/executor/container/runner.go:150.16,152.3 1 0
github.com/flowd-org/flowd/internal/executor/container/runner.go:153.2,154.29 2 0
github.com/flowd-org/flowd/internal/executor/container/runner.go:158.47,159.19 1 0
github.com/flowd-org/flowd/internal/executor/container/runner.go:159.19,161.3 1 0
github.com/flowd-org/flowd/internal/executor/container/runner.go:162.2,163.24 2 0
github.com/flowd-org/flowd/internal/executor/container/runner.go:163.24,165.3 1 0
github.com/flowd-org/flowd/internal/executor/container/runner.go:167.2,168.12 2 0
github.com/flowd-org/flowd/internal/executor/container/runner.go:171.100,172.33 1 0
github.com/flowd-org/flowd/internal/executor/container/runner.go:172.33,174.3 1 0
github.com/flowd-org/flowd/internal/executor/container/runner.go:175.2,175.18 1 0
github.com/flowd-org/flowd/internal/executor/container/runner.go:175.18,177.3 1 0
github.com/flowd-org/flowd/internal/executor/container/runner.go:178.2,179.18 2 0
github.com/flowd-org/flowd/internal/executor/container/runner.go:179.18,181.3 1 0
github.com/flowd-org/flowd/internal/executor/container/runner.go:182.2,186.16 5 0
github.com/flowd-org/flowd/internal/executor/container/runner.go:186.16,187.34 1 0
github.com/flowd-org/flowd/internal/executor/container/runner.go:187.34,189.4 1 0
github.com/flowd-org/flowd/internal/executor/container/runner.go:190.3,190.56 1 0
github.com/flowd-org/flowd/internal/executor/container/runner.go:192.2,192.12 1 0
github.com/flowd-org/flowd/internal/executor/container/runner.go:195.77,196.33 1 0
github.com/flowd-org/flowd/internal/executor/container/runner.go:196.33,198.3 1 0
github.com/flowd-org/flowd/internal/executor/container/runner.go:199.2,203.16 5 0
github.com/flowd-org/flowd/internal/executor/container/runner.go:203.16,204.34 1 0
github.com/flowd-org/flowd/internal/executor/container/runner.go:204.34,206.4 1 0
github.com/flowd-org/flowd/internal/executor/container/runner.go:207.3,207.56 1 0
github.com/flowd-org/flowd/internal/executor/container/runner.go:209.2,209.12 1 0
github.com/flowd-org/flowd/internal/executor/container/runner.go:212.79,213.33 1 0
github.com/flowd-org/flowd/internal/executor/container/runner.go:213.33,215.3 1 0
github.com/flowd-org/flowd/internal/executor/container/runner.go:216.2,219.30 4 0
github.com/flowd-org/flowd/internal/executor/container/runner.go:219.30,221.3 1 0
github.com/flowd-org/flowd/internal/executor/container/runner.go:222.2,224.16 3 0
github.com/flowd-org/flowd/internal/executor/container/runner.go:224.16,225.34 1 0
github.com/flowd-org/flowd/internal/executor/container/runner.go:225.34,227.4 1 0
github.com/flowd-org/flowd/internal/executor/container/runner.go:228.3,228.58 1 0
github.com/flowd-org/flowd/internal/executor/container/runner.go:230.2,230.12 1 0
github.com/flowd-org/flowd/internal/executor/container/runner.go:233.61,234.16 1 0
github.com/flowd-org/flowd/internal/executor/container/runner.go:234.16,236.3 1 0
github.com/flowd-org/flowd/internal/executor/container/runner.go:237.2,237.12 1 0
github.com/flowd-org/flowd/internal/executor/container/runner.go:240.46,242.15 2 0
github.com/flowd-org/flowd/internal/executor/container/runner.go:242.15,244.3 1 0
github.com/flowd-org/flowd/internal/executor/container/runner.go:245.2,245.89 1 0
github.com/flowd-org/flowd/internal/janitor/supervision.go:31.56,32.27 1 1
github.com/flowd-org/flowd/internal/janitor/supervision.go:32.27,34.3 1 1
github.com/flowd-org/flowd/internal/janitor/supervision.go:35.2,35.27 1 1
github.com/flowd-org/flowd/internal/janitor/supervision.go:35.27,37.3 1 1
github.com/flowd-org/flowd/internal/janitor/supervision.go:38.2,38.32 1 1
github.com/flowd-org/flowd/internal/janitor/supervision.go:43.111,46.6 2 0
github.com/flowd-org/flowd/internal/janitor/supervision.go:46.6,47.10 1 0
github.com/flowd-org/flowd/internal/janitor/supervision.go:48.21,49.20 1 0
github.com/flowd-org/flowd/internal/janitor/supervision.go:50.11,50.11 0 0
github.com/flowd-org/flowd/internal/janitor/supervision.go:53.3,54.17 2 0
github.com/flowd-org/flowd/internal/janitor/supervision.go:54.17,56.4 1 0
github.com/flowd-org/flowd/internal/janitor/supervision.go:58.3,58.25 1 0
github.com/flowd-org/flowd/internal/janitor/supervision.go:58.25,61.4 2 0
github.com/flowd-org/flowd/internal/janitor/supervision.go:63.3,64.36 2 0
github.com/flowd-org/flowd/internal/janitor/supervision.go:64.36,67.4 2 0
github.com/flowd-org/flowd/internal/janitor/supervision.go:69.3,70.10 2 0
github.com/flowd-org/flowd/internal/janitor/supervision.go:71.21,72.20 1 0
github.com/flowd-org/flowd/internal/janitor/supervision.go:73.41,73.41 0 0
github.com/flowd-org/flowd/internal/janitor/supervision.go:80.36,81.82 1 1
github.com/flowd-org/flowd/internal/janitor/supervision.go:81.82,83.3 1 1
github.com/flowd-org/flowd/internal/janitor/supervision.go:85.2,86.32 2 1
github.com/flowd-org/flowd/internal/janitor/supervision.go:86.32,88.3 1 0
github.com/flowd-org/flowd/internal/janitor/supervision.go:89.2,89.14 1 1
github.com/flowd-org/flowd/internal/janitor/supervision.go:97.38,99.2 1 0
github.com/flowd-org/flowd/internal/events/composite.go:18.43,20.26 2 0
github.com/flowd-org/flowd/internal/events/composite.go:20.26,21.15 1 0
github.com/flowd-org/flowd/internal/events/composite.go:21.15,23.4 1 0
github.com/flowd-org/flowd/internal/events/composite.go:25.2,25.23 1 0
github.com/flowd-org/flowd/internal/events/composite.go:26.9,27.13 1 0
github.com/flowd-org/flowd/internal/events/composite.go:28.9,29.21 1 0
github.com/flowd-org/flowd/internal/events/composite.go:30.10,31.41 1 0
github.com/flowd-org/flowd/internal/events/composite.go:35.59,36.28 1 0
github.com/flowd-org/flowd/internal/events/composite.go:36.28,38.3 1 0
github.com/flowd-org/flowd/internal/events/composite.go:41.72,42.28 1 0
github.com/flowd-org/flowd/internal/events/composite.go:42.28,44.3 1 0
github.com/flowd-org/flowd/internal/events/composite.go:47.59,48.28 1 0
github.com/flowd-org/flowd/internal/events/composite.go:48.28,50.3 1 0
github.com/flowd-org/flowd/internal/events/composite.go:53.75,54.28 1 0
github.com/flowd-org/flowd/internal/events/composite.go:54.28,56.3 1 0
github.com/flowd-org/flowd/internal/events/composite.go:59.85,60.28 1 0
github.com/flowd-org/flowd/internal/events/composite.go:60.28,62.3 1 0
github.com/flowd-org/flowd/internal/events/emitter.go:38.52,39.16 1 0
github.com/flowd-org/flowd/internal/events/emitter.go:39.16,41.3 1 0
github.com/flowd-org/flowd/internal/events/emitter.go:42.2,42.39 1 0
github.com/flowd-org/flowd/internal/events/emitter.go:45.35,48.2 2 0
github.com/flowd-org/flowd/internal/events/emitter.go:50.37,51.14 1 0
github.com/flowd-org/flowd/internal/events/emitter.go:51.14,53.3 1 0
github.com/flowd-org/flowd/internal/events/emitter.go:54.2,60.12 5 0
github.com/flowd-org/flowd/internal/events/emitter.go:60.12,62.17 2 0
github.com/flowd-org/flowd/internal/events/emitter.go:62.17,65.4 2 0
github.com/flowd-org/flowd/internal/events/emitter.go:66.3,67.9 2 0
github.com/flowd-org/flowd/internal/events/emitter.go:70.2,71.20 2 0
github.com/flowd-org/flowd/internal/events/emitter.go:71.20,73.3 1 0
github.com/flowd-org/flowd/internal/events/emitter.go:74.2,74.19 1 0
github.com/flowd-org/flowd/internal/events/emitter.go:74.19,76.3 1 0
github.com/flowd-org/flowd/internal/events/emitter.go:77.2,77.22 1 0
github.com/flowd-org/flowd/internal/events/emitter.go:77.22,79.3 1 0
github.com/flowd-org/flowd/internal/events/emitter.go:80.2,80.22 1 0
github.com/flowd-org/flowd/internal/events/emitter.go:80.22,82.3 1 0
github.com/flowd-org/flowd/internal/events/emitter.go:83.2,83.22 1 0
github.com/flowd-org/flowd/internal/events/emitter.go:83.22,87.29 4 0
github.com/flowd-org/flowd/internal/events/emitter.go:87.29,88.14 1 0
github.com/flowd-org/flowd/internal/events/emitter.go:88.14,90.5 1 0
github.com/flowd-org/flowd/internal/events/emitter.go:91.4,92.17 2 0
github.com/flowd-org/flowd/internal/events/emitter.go:94.3,94.26 1 0
github.com/flowd-org/flowd/internal/events/emitter.go:96.2,96.21 1 0
github.com/flowd-org/flowd/internal/events/emitter.go:99.53,105.2 1 0
github.com/flowd-org/flowd/internal/events/emitter.go:107.73,109.16 2 0
github.com/flowd-org/flowd/internal/events/emitter.go:109.16,111.3 1 0
github.com/flowd-org/flowd/internal/events/emitter.go:112.2,116.4 1 0
github.com/flowd-org/flowd/internal/events/emitter.go:119.53,121.2 1 0
github.com/flowd-org/flowd/internal/events/emitter.go:123.69,124.19 1 0
github.com/flowd-org/flowd/internal/events/emitter.go:124.19,126.3 1 0
github.com/flowd-org/flowd/internal/events/emitter.go:127.2,127.99 1 0
github.com/flowd-org/flowd/internal/events/emitter.go:130.79,132.33 2 0
github.com/flowd-org/flowd/internal/events/emitter.go:132.33,134.3 1 0
github.com/flowd-org/flowd/internal/events/emitter.go:135.2,136.16 2 0
github.com/flowd-org/flowd/internal/events/emitter.go:136.16,138.3 1 0
github.com/flowd-org/flowd/internal/events/emitter.go:139.2,139.78 1 0
github.com/flowd-org/flowd/internal/events/emitter.go:142.29,144.2 1 0
github.com/flowd-org/flowd/internal/events/journal_sink.go:17.59,18.20 1 0
github.com/flowd-org/flowd/internal/events/journal_sink.go:18.20,20.3 1 0
github.com/flowd-org/flowd/internal/events/journal_sink.go:21.2,23.27 1 0
github.com/flowd-org/flowd/internal/events/journal_sink.go:23.27,25.4 1 0
github.com/flowd-org/flowd/internal/events/journal_sink.go:29.57,34.2 4 0
github.com/flowd-org/flowd/internal/events/journal_sink.go:36.70,39.16 3 0
github.com/flowd-org/flowd/internal/events/journal_sink.go:39.16,41.3 1 0
github.com/flowd-org/flowd/internal/events/journal_sink.go:42.2,42.41 1 0
github.com/flowd-org/flowd/internal/events/journal_sink.go:45.57,49.2 3 0
github.com/flowd-org/flowd/internal/events/journal_sink.go:51.73,52.19 1 0
github.com/flowd-org/flowd/internal/events/journal_sink.go:52.19,54.3 1 0
github.com/flowd-org/flowd/internal/events/journal_sink.go:55.2,59.39 5 0
github.com/flowd-org/flowd/internal/events/journal_sink.go:62.83,67.33 5 0
github.com/flowd-org/flowd/internal/events/journal_sink.go:67.33,69.3 1 0
github.com/flowd-org/flowd/internal/events/journal_sink.go:70.2,71.16 2 0
github.com/flowd-org/flowd/internal/events/journal_sink.go:71.16,73.3 1 0
github.com/flowd-org/flowd/internal/events/journal_sink.go:74.2,74.42 1 0
github.com/flowd-org/flowd/internal/events/journal_sink.go:77.64,79.17 2 0
github.com/flowd-org/flowd/internal/events/journal_sink.go:79.17,81.3 1 0
github.com/flowd-org/flowd/internal/events/journal_sink.go:82.2,83.16 2 0
github.com/flowd-org/flowd/internal/events/journal_sink.go:86.79,87.34 1 0
github.com/flowd-org/flowd/internal/events/journal_sink.go:87.34,89.3 1 0
github.com/flowd-org/flowd/internal/events/journal_sink.go:90.2,90.17 1 0
github.com/flowd-org/flowd/internal/events/journal_sink.go:90.17,92.3 1 0
github.com/flowd-org/flowd/internal/events/journal_sink.go:93.2,93.20 1 0
github.com/flowd-org/flowd/internal/events/journal_sink.go:93.20,95.3 1 0
github.com/flowd-org/flowd/internal/events/journal_sink.go:96.2,98.16 3 0
github.com/flowd-org/flowd/internal/events/journal_sink.go:98.16,100.3 1 0
github.com/flowd-org/flowd/internal/events/journal_sink.go:101.2,101.76 1 0
github.com/flowd-org/flowd/internal/events/redact.go:7.27,7.49 1 1
github.com/flowd-org/flowd/internal/events/redact.go:10.107,11.47 1 1
github.com/flowd-org/flowd/internal/events/redact.go:11.47,13.3 1 0
github.com/flowd-org/flowd/internal/events/redact.go:14.2,15.27 2 1
github.com/flowd-org/flowd/internal/events/redact.go:15.27,16.34 1 1
github.com/flowd-org/flowd/internal/events/redact.go:16.34,18.4 1 1
github.com/flowd-org/flowd/internal/events/redact.go:18.9,20.4 1 1
github.com/flowd-org/flowd/internal/events/redact.go:22.2,22.13 1 1
github.com/flowd-org/flowd/internal/events/redact.go:25.65,26.28 1 1
github.com/flowd-org/flowd/internal/events/redact.go:26.28,28.3 1 1
github.com/flowd-org/flowd/internal/events/redact.go:29.2,30.35 2 1
github.com/flowd-org/flowd/internal/events/redact.go:30.35,31.16 1 1
github.com/flowd-org/flowd/internal/events/redact.go:31.16,33.4 1 1
github.com/flowd-org/flowd/internal/events/redact.go:35.2,35.24 1 1
github.com/flowd-org/flowd/internal/events/redact.go:35.24,37.3 1 0
github.com/flowd-org/flowd/internal/events/redact.go:38.2,38.34 1 1
github.com/flowd-org/flowd/internal/events/redact.go:38.34,39.35 1 1
github.com/flowd-org/flowd/internal/events/redact.go:39.35,41.4 1 1
github.com/flowd-org/flowd/internal/events/redact.go:42.3,42.14 1 1
github.com/flowd-org/flowd/internal/events/redact.go:46.48,47.12 1 0
github.com/flowd-org/flowd/internal/events/redact.go:47.12,49.3 1 0
github.com/flowd-org/flowd/internal/events/redact.go:50.2,50.27 1 0
github.com/flowd-org/flowd/internal/events/writer.go:19.117,21.2 1 0
github.com/flowd-org/flowd/internal/events/writer.go:23.51,24.17 1 0
github.com/flowd-org/flowd/internal/events/writer.go:24.17,26.3 1 0
github.com/flowd-org/flowd/internal/events/writer.go:27.2,27.18 1 0
github.com/flowd-org/flowd/internal/events/writer.go:27.18,28.43 1 0
github.com/flowd-org/flowd/internal/events/writer.go:28.43,30.4 1 0
github.com/flowd-org/flowd/internal/events/writer.go:32.2,33.22 2 0
github.com/flowd-org/flowd/internal/events/writer.go:33.22,34.16 1 0
github.com/flowd-org/flowd/internal/events/writer.go:34.16,38.4 3 0
github.com/flowd-org/flowd/internal/events/writer.go:40.2,40.20 1 0
github.com/flowd-org/flowd/internal/events/writer.go:40.20,42.3 1 0
github.com/flowd-org/flowd/internal/events/writer.go:43.2,43.20 1 0
github.com/flowd-org/flowd/internal/events/writer.go:46.30,47.21 1 0
github.com/flowd-org/flowd/internal/events/writer.go:47.21,49.3 1 0
github.com/flowd-org/flowd/internal/events/writer.go:52.34,55.22 3 0
github.com/flowd-org/flowd/internal/events/writer.go:55.22,56.24 1 0
github.com/flowd-org/flowd/internal/events/writer.go:56.24,58.4 1 0
github.com/flowd-org/flowd/internal/events/writer.go:59.3,59.60 1 0
github.com/flowd-org/flowd/internal/observability/logctx/logctx.go:17.75,18.33 1 0
github.com/flowd-org/flowd/internal/observability/logctx/logctx.go:18.33,20.3 1 0
github.com/flowd-org/flowd/internal/observability/logctx/logctx.go:21.2,21.53 1 0
github.com/flowd-org/flowd/internal/observability/logctx/logctx.go:25.47,26.16 1 0
github.com/flowd-org/flowd/internal/observability/logctx/logctx.go:26.16,28.3 1 0
github.com/flowd-org/flowd/internal/observability/logctx/logctx.go:29.2,30.15 2 0
github.com/flowd-org/flowd/internal/observability/logctx/logctx.go:34.75,35.35 1 0
github.com/flowd-org/flowd/internal/observability/logctx/logctx.go:35.35,37.3 1 0
github.com/flowd-org/flowd/internal/observability/logctx/logctx.go:38.2,38.59 1 0
github.com/flowd-org/flowd/internal/observability/logctx/logctx.go:42.52,43.16 1 0
github.com/flowd-org/flowd/internal/observability/logctx/logctx.go:43.16,45.3 1 0
github.com/flowd-org/flowd/internal/observability/logctx/logctx.go:46.2,47.21 2 0
github.com/flowd-org/flowd/internal/observability/logctx/logctx.go:47.21,49.3 1 0
github.com/flowd-org/flowd/internal/observability/logctx/logctx.go:50.2,50.24 1 0
github.com/flowd-org/flowd/internal/observability/logctx/logctx.go:55.78,56.35 1 1
github.com/flowd-org/flowd/internal/observability/logctx/logctx.go:56.35,58.3 1 0
github.com/flowd-org/flowd/internal/observability/logctx/logctx.go:59.2,59.70 1 1
github.com/flowd-org/flowd/internal/observability/logctx/logctx.go:67.76,69.2 1 1
github.com/flowd-org/flowd/internal/observability/logctx/logctx.go:71.73,72.32 1 1
github.com/flowd-org/flowd/internal/observability/logctx/logctx.go:72.32,74.3 1 0
github.com/flowd-org/flowd/internal/observability/logctx/logctx.go:75.2,77.36 3 1
github.com/flowd-org/flowd/internal/observability/logctx/logctx.go:77.36,80.3 2 1
github.com/flowd-org/flowd/internal/observability/logctx/logctx.go:81.2,81.33 1 1
github.com/flowd-org/flowd/internal/observability/logctx/logctx.go:84.66,85.21 1 0
github.com/flowd-org/flowd/internal/observability/logctx/logctx.go:85.21,87.3 1 0
github.com/flowd-org/flowd/internal/observability/logctx/logctx.go:88.2,89.29 2 0
github.com/flowd-org/flowd/internal/observability/logctx/logctx.go:89.29,91.3 1 0
github.com/flowd-org/flowd/internal/observability/logctx/logctx.go:92.2,92.69 1 0
github.com/flowd-org/flowd/internal/observability/logctx/logctx.go:95.60,97.2 1 0
github.com/flowd-org/flowd/internal/observability/logctx/logctx.go:99.69,100.18 1 1
github.com/flowd-org/flowd/internal/observability/logctx/logctx.go:100.18,102.3 1 0
github.com/flowd-org/flowd/internal/observability/logctx/logctx.go:103.2,104.13 2 1
github.com/flowd-org/flowd/internal/observability/logctx/logctx.go:107.71,108.18 1 1
github.com/flowd-org/flowd/internal/observability/logctx/logctx.go:108.18,110.3 1 0
github.com/flowd-org/flowd/internal/observability/logctx/logctx.go:111.2,111.20 1 1
github.com/flowd-org/flowd/internal/observability/logctx/logctx.go:112.23,113.47 1 1
github.com/flowd-org/flowd/internal/observability/logctx/logctx.go:114.20,115.38 1 0
github.com/flowd-org/flowd/internal/observability/logctx/logctx.go:115.38,117.4 1 0
github.com/flowd-org/flowd/internal/observability/logctx/logctx.go:118.3,118.13 1 0
github.com/flowd-org/flowd/internal/observability/logctx/logctx.go:119.22,121.22 2 1
github.com/flowd-org/flowd/internal/observability/logctx/logctx.go:121.22,123.4 1 0
github.com/flowd-org/flowd/internal/observability/logctx/logctx.go:124.3,125.30 2 1
github.com/flowd-org/flowd/internal/observability/logctx/logctx.go:125.30,127.4 1 1
github.com/flowd-org/flowd/internal/observability/logctx/logctx.go:128.3,128.35 1 1
github.com/flowd-org/flowd/internal/observability/logctx/logctx.go:129.10,130.13 1 0
github.com/flowd-org/flowd/internal/indexer/aliases.go:42.91,43.25 1 1
github.com/flowd-org/flowd/internal/indexer/aliases.go:43.25,45.3 1 0
github.com/flowd-org/flowd/internal/indexer/aliases.go:47.2,48.27 2 1
github.com/flowd-org/flowd/internal/indexer/aliases.go:48.27,50.3 1 1
github.com/flowd-org/flowd/internal/indexer/aliases.go:52.2,56.32 4 1
github.com/flowd-org/flowd/internal/indexer/aliases.go:56.32,57.37 1 1
github.com/flowd-org/flowd/internal/indexer/aliases.go:57.37,60.30 3 1
github.com/flowd-org/flowd/internal/indexer/aliases.go:60.30,65.13 2 0
github.com/flowd-org/flowd/internal/indexer/aliases.go:68.4,69.22 2 1
github.com/flowd-org/flowd/internal/indexer/aliases.go:69.22,74.13 2 0
github.com/flowd-org/flowd/internal/indexer/aliases.go:77.4,78.23 2 1
github.com/flowd-org/flowd/internal/indexer/aliases.go:78.23,83.13 2 0
github.com/flowd-org/flowd/internal/indexer/aliases.go:85.4,85.40 1 1
github.com/flowd-org/flowd/internal/indexer/aliases.go:85.40,90.13 2 0
github.com/flowd-org/flowd/internal/indexer/aliases.go:92.4,92.41 1 1
github.com/flowd-org/flowd/internal/indexer/aliases.go:92.41,99.13 4 0
github.com/flowd-org/flowd/internal/indexer/aliases.go:102.4,103.11 2 1
github.com/flowd-org/flowd/internal/indexer/aliases.go:103.11,110.13 4 1
github.com/flowd-org/flowd/internal/indexer/aliases.go:112.4,112.44 1 1
github.com/flowd-org/flowd/internal/indexer/aliases.go:112.44,119.13 4 0
github.com/flowd-org/flowd/internal/indexer/aliases.go:121.4,129.44 3 1
github.com/flowd-org/flowd/internal/indexer/aliases.go:133.2,135.30 3 1
github.com/flowd-org/flowd/internal/indexer/aliases.go:135.30,136.21 1 1
github.com/flowd-org/flowd/internal/indexer/aliases.go:136.21,137.12 1 0
github.com/flowd-org/flowd/internal/indexer/aliases.go:140.3,141.20 2 1
github.com/flowd-org/flowd/internal/indexer/aliases.go:141.20,143.4 1 0
github.com/flowd-org/flowd/internal/indexer/aliases.go:146.2,146.42 1 1
github.com/flowd-org/flowd/internal/indexer/aliases.go:146.42,147.45 1 0
github.com/flowd-org/flowd/internal/indexer/aliases.go:147.45,149.4 1 0
github.com/flowd-org/flowd/internal/indexer/aliases.go:150.3,150.47 1 0
github.com/flowd-org/flowd/internal/indexer/aliases.go:153.2,153.39 1 1
github.com/flowd-org/flowd/internal/indexer/aliases.go:153.39,154.35 1 0
github.com/flowd-org/flowd/internal/indexer/aliases.go:154.35,156.4 1 0
github.com/flowd-org/flowd/internal/indexer/aliases.go:157.3,157.37 1 0
github.com/flowd-org/flowd/internal/indexer/aliases.go:160.2,160.23 1 1
github.com/flowd-org/flowd/internal/indexer/aliases.go:160.23,162.3 1 1
github.com/flowd-org/flowd/internal/indexer/aliases.go:164.2,164.85 1 1
github.com/flowd-org/flowd/internal/indexer/aliases.go:167.70,169.19 2 1
github.com/flowd-org/flowd/internal/indexer/aliases.go:169.19,171.3 1 0
github.com/flowd-org/flowd/internal/indexer/aliases.go:172.2,178.22 7 1
github.com/flowd-org/flowd/internal/indexer/aliases.go:178.22,180.3 1 0
github.com/flowd-org/flowd/internal/indexer/aliases.go:181.2,182.21 2 1
github.com/flowd-org/flowd/internal/indexer/aliases.go:182.21,184.3 1 0
github.com/flowd-org/flowd/internal/indexer/aliases.go:185.2,185.29 1 1
github.com/flowd-org/flowd/internal/indexer/indexer.go:44.44,46.2 1 1
github.com/flowd-org/flowd/internal/indexer/indexer.go:50.68,52.21 2 1
github.com/flowd-org/flowd/internal/indexer/indexer.go:52.21,54.3 1 0
github.com/flowd-org/flowd/internal/indexer/indexer.go:55.2,55.47 1 1
github.com/flowd-org/flowd/internal/indexer/indexer.go:58.68,62.16 3 1
github.com/flowd-org/flowd/internal/indexer/indexer.go:62.16,63.37 1 0
github.com/flowd-org/flowd/internal/indexer/indexer.go:63.37,65.4 1 0
github.com/flowd-org/flowd/internal/indexer/indexer.go:66.3,66.47 1 0
github.com/flowd-org/flowd/internal/indexer/indexer.go:68.2,68.19 1 1
github.com/flowd-org/flowd/internal/indexer/indexer.go:68.19,70.3 1 0
github.com/flowd-org/flowd/internal/indexer/indexer.go:72.2,78.86 3 1
github.com/flowd-org/flowd/internal/indexer/indexer.go:78.86,79.17 1 1
github.com/flowd-org/flowd/internal/indexer/indexer.go:79.17,81.4 1 0
github.com/flowd-org/flowd/internal/indexer/indexer.go:82.3,82.63 1 1
github.com/flowd-org/flowd/internal/indexer/indexer.go:82.63,86.40 4 1
github.com/flowd-org/flowd/internal/indexer/indexer.go:86.40,89.5 2 1
github.com/flowd-org/flowd/internal/indexer/indexer.go:90.4,91.23 2 1
github.com/flowd-org/flowd/internal/indexer/indexer.go:91.23,94.5 2 1
github.com/flowd-org/flowd/internal/indexer/indexer.go:95.4,95.14 1 1
github.com/flowd-org/flowd/internal/indexer/indexer.go:95.14,97.5 1 1
github.com/flowd-org/flowd/internal/indexer/indexer.go:97.10,99.5 1 1
github.com/flowd-org/flowd/internal/indexer/indexer.go:101.3,101.13 1 1
github.com/flowd-org/flowd/internal/indexer/indexer.go:103.2,103.20 1 1
github.com/flowd-org/flowd/internal/indexer/indexer.go:103.20,105.3 1 0
github.com/flowd-org/flowd/internal/indexer/indexer.go:107.2,108.42 2 1
github.com/flowd-org/flowd/internal/indexer/indexer.go:108.42,109.56 1 1
github.com/flowd-org/flowd/internal/indexer/indexer.go:109.56,115.4 1 1
github.com/flowd-org/flowd/internal/indexer/indexer.go:116.3,116.36 1 1
github.com/flowd-org/flowd/internal/indexer/indexer.go:119.2,120.33 2 1
github.com/flowd-org/flowd/internal/indexer/indexer.go:120.33,123.20 3 1
github.com/flowd-org/flowd/internal/indexer/indexer.go:123.20,125.4 1 1
github.com/flowd-org/flowd/internal/indexer/indexer.go:126.3,127.17 2 1
github.com/flowd-org/flowd/internal/indexer/indexer.go:127.17,130.30 3 1
github.com/flowd-org/flowd/internal/indexer/indexer.go:130.30,137.5 1 1
github.com/flowd-org/flowd/internal/indexer/indexer.go:138.4,139.12 2 1
github.com/flowd-org/flowd/internal/indexer/indexer.go:141.3,141.39 1 1
github.com/flowd-org/flowd/internal/indexer/indexer.go:144.2,145.16 2 1
github.com/flowd-org/flowd/internal/indexer/indexer.go:145.16,148.3 2 0
github.com/flowd-org/flowd/internal/indexer/indexer.go:149.2,149.22 1 1
github.com/flowd-org/flowd/internal/indexer/indexer.go:149.22,152.37 3 1
github.com/flowd-org/flowd/internal/indexer/indexer.go:152.37,154.49 2 0
github.com/flowd-org/flowd/internal/indexer/indexer.go:154.49,156.5 1 0
github.com/flowd-org/flowd/internal/indexer/indexer.go:158.3,158.32 1 1
github.com/flowd-org/flowd/internal/indexer/indexer.go:158.32,160.45 2 1
github.com/flowd-org/flowd/internal/indexer/indexer.go:160.45,162.5 1 1
github.com/flowd-org/flowd/internal/indexer/indexer.go:164.3,164.25 1 1
github.com/flowd-org/flowd/internal/indexer/indexer.go:164.25,166.4 1 1
github.com/flowd-org/flowd/internal/indexer/indexer.go:169.2,169.17 1 1
github.com/flowd-org/flowd/internal/indexer/indexer.go:184.78,186.16 2 1
github.com/flowd-org/flowd/internal/indexer/indexer.go:186.16,188.3 1 0
github.com/flowd-org/flowd/internal/indexer/indexer.go:190.2,191.16 2 1
github.com/flowd-org/flowd/internal/indexer/indexer.go:191.16,193.3 1 1
github.com/flowd-org/flowd/internal/indexer/indexer.go:195.2,196.51 2 1
github.com/flowd-org/flowd/internal/indexer/indexer.go:196.51,198.3 1 1
github.com/flowd-org/flowd/internal/indexer/indexer.go:200.2,201.69 2 1
github.com/flowd-org/flowd/internal/indexer/indexer.go:201.69,203.3 1 1
github.com/flowd-org/flowd/internal/indexer/indexer.go:204.2,204.23 1 1
github.com/flowd-org/flowd/internal/indexer/indexer.go:204.23,206.3 1 0
github.com/flowd-org/flowd/internal/indexer/indexer.go:207.2,207.22 1 1
github.com/flowd-org/flowd/internal/indexer/indexer.go:207.22,213.3 1 0
github.com/flowd-org/flowd/internal/indexer/indexer.go:215.2,216.31 2 1
github.com/flowd-org/flowd/internal/indexer/indexer.go:216.31,218.17 2 1
github.com/flowd-org/flowd/internal/indexer/indexer.go:218.17,220.4 1 0
github.com/flowd-org/flowd/internal/indexer/indexer.go:221.3,226.5 1 1
github.com/flowd-org/flowd/internal/indexer/indexer.go:228.2,228.18 1 1
github.com/flowd-org/flowd/internal/indexer/indexer.go:231.76,233.16 2 1
github.com/flowd-org/flowd/internal/indexer/indexer.go:233.16,235.3 1 0
github.com/flowd-org/flowd/internal/indexer/indexer.go:236.2,237.15 2 1
github.com/flowd-org/flowd/internal/indexer/indexer.go:237.15,239.3 1 0
github.com/flowd-org/flowd/internal/indexer/indexer.go:240.2,240.39 1 1
github.com/flowd-org/flowd/internal/indexer/jobid.go:21.36,22.18 1 0
github.com/flowd-org/flowd/internal/indexer/jobid.go:22.18,24.3 1 0
github.com/flowd-org/flowd/internal/indexer/jobid.go:25.2,25.88 1 0
github.com/flowd-org/flowd/internal/indexer/jobid.go:36.43,38.20 2 0
github.com/flowd-org/flowd/internal/indexer/jobid.go:38.20,40.3 1 0
github.com/flowd-org/flowd/internal/indexer/jobid.go:41.2,41.55 1 0
github.com/flowd-org/flowd/internal/indexer/jobid.go:44.43,46.2 1 0
github.com/flowd-org/flowd/internal/indexer/jobid.go:53.38,55.2 1 1
github.com/flowd-org/flowd/internal/indexer/jobid.go:59.66,61.19 2 1
github.com/flowd-org/flowd/internal/indexer/jobid.go:61.19,63.3 1 1
github.com/flowd-org/flowd/internal/indexer/jobid.go:65.2,66.16 2 1
github.com/flowd-org/flowd/internal/indexer/jobid.go:66.16,68.3 1 1
github.com/flowd-org/flowd/internal/indexer/jobid.go:70.2,71.16 2 1
github.com/flowd-org/flowd/internal/indexer/jobid.go:71.16,73.3 1 1
github.com/flowd-org/flowd/internal/indexer/jobid.go:74.2,75.16 2 1
github.com/flowd-org/flowd/internal/indexer/jobid.go:75.16,77.3 1 1
github.com/flowd-org/flowd/internal/indexer/jobid.go:79.2,79.51 1 1
github.com/flowd-org/flowd/internal/indexer/jobid.go:79.51,81.3 1 1
github.com/flowd-org/flowd/internal/indexer/jobid.go:82.2,82.28 1 1
github.com/flowd-org/flowd/internal/indexer/jobid.go:82.28,84.3 1 1
github.com/flowd-org/flowd/internal/indexer/jobid.go:85.2,85.25 1 1
github.com/flowd-org/flowd/internal/indexer/jobid.go:85.25,87.3 1 1
github.com/flowd-org/flowd/internal/indexer/jobid.go:88.2,88.52 1 1
github.com/flowd-org/flowd/internal/indexer/jobid.go:92.43,94.24 2 1
github.com/flowd-org/flowd/internal/indexer/jobid.go:94.24,96.3 1 1
github.com/flowd-org/flowd/internal/indexer/jobid.go:97.2,97.36 1 1
github.com/flowd-org/flowd/internal/indexer/jobid.go:101.43,103.24 2 1
github.com/flowd-org/flowd/internal/indexer/jobid.go:103.24,105.3 1 1
github.com/flowd-org/flowd/internal/indexer/jobid.go:106.2,106.36 1 1
github.com/flowd-org/flowd/internal/indexer/jobid.go:109.48,112.22 3 1
github.com/flowd-org/flowd/internal/indexer/jobid.go:112.22,114.3 1 0
github.com/flowd-org/flowd/internal/indexer/jobid.go:116.2,118.31 3 1
github.com/flowd-org/flowd/internal/indexer/jobid.go:118.31,119.12 1 1
github.com/flowd-org/flowd/internal/indexer/jobid.go:120.17,121.25 1 1
github.com/flowd-org/flowd/internal/indexer/jobid.go:121.25,124.5 2 1
github.com/flowd-org/flowd/internal/indexer/jobid.go:125.11,126.24 1 1
github.com/flowd-org/flowd/internal/indexer/jobid.go:129.2,129.23 1 1
github.com/flowd-org/flowd/internal/indexer/jobid.go:129.23,131.3 1 1
github.com/flowd-org/flowd/internal/indexer/jobid.go:132.2,132.24 1 1
github.com/flowd-org/flowd/internal/indexer/jobid.go:132.24,134.3 1 1
github.com/flowd-org/flowd/internal/indexer/jobid.go:135.2,135.17 1 1
github.com/flowd-org/flowd/internal/indexer/jobid.go:138.46,142.2 3 1
github.com/flowd-org/flowd/internal/indexer/jobid.go:144.49,145.16 1 1
github.com/flowd-org/flowd/internal/indexer/jobid.go:145.16,147.3 1 1
github.com/flowd-org/flowd/internal/indexer/jobid.go:148.2,150.22 3 1
github.com/flowd-org/flowd/internal/indexer/jobid.go:150.22,152.3 1 0
github.com/flowd-org/flowd/internal/indexer/jobid.go:154.2,156.31 3 1
github.com/flowd-org/flowd/internal/indexer/jobid.go:156.31,157.16 1 1
github.com/flowd-org/flowd/internal/indexer/jobid.go:157.16,159.4 1 1
github.com/flowd-org/flowd/internal/indexer/jobid.go:160.3,161.17 2 1
github.com/flowd-org/flowd/internal/indexer/jobid.go:161.17,164.4 2 1
github.com/flowd-org/flowd/internal/indexer/jobid.go:165.3,165.39 1 1
github.com/flowd-org/flowd/internal/indexer/jobid.go:167.2,167.36 1 1
github.com/flowd-org/flowd/internal/indexer/jobid.go:170.55,172.19 2 1
github.com/flowd-org/flowd/internal/indexer/jobid.go:172.19,174.3 1 0
github.com/flowd-org/flowd/internal/indexer/jobid.go:176.2,179.28 4 1
github.com/flowd-org/flowd/internal/indexer/jobid.go:179.28,180.48 1 1
github.com/flowd-org/flowd/internal/indexer/jobid.go:180.48,183.12 3 1
github.com/flowd-org/flowd/internal/indexer/jobid.go:185.3,185.31 1 1
github.com/flowd-org/flowd/internal/indexer/jobid.go:185.31,188.4 2 1
github.com/flowd-org/flowd/internal/indexer/jobid.go:188.9,188.26 1 1
github.com/flowd-org/flowd/internal/indexer/jobid.go:188.26,190.4 1 1
github.com/flowd-org/flowd/internal/indexer/jobid.go:193.2,195.22 3 1
github.com/flowd-org/flowd/internal/indexer/jobid.go:195.22,197.3 1 1
github.com/flowd-org/flowd/internal/indexer/jobid.go:198.2,198.50 1 1
github.com/flowd-org/flowd/internal/indexer/jobid.go:198.50,200.3 1 0
github.com/flowd-org/flowd/internal/indexer/jobid.go:201.2,201.24 1 1
github.com/flowd-org/flowd/internal/secrets/buffer.go:11.44,12.13 1 1
github.com/flowd-org/flowd/internal/secrets/buffer.go:12.13,14.3 1 0
github.com/flowd-org/flowd/internal/secrets/buffer.go:15.2,17.27 3 1
github.com/flowd-org/flowd/internal/secrets/buffer.go:21.33,22.14 1 1
github.com/flowd-org/flowd/internal/secrets/buffer.go:22.14,24.3 1 0
github.com/flowd-org/flowd/internal/secrets/buffer.go:25.2,25.15 1 1
github.com/flowd-org/flowd/internal/secrets/buffer.go:29.28,30.14 1 0
github.com/flowd-org/flowd/internal/secrets/buffer.go:30.14,32.3 1 0
github.com/flowd-org/flowd/internal/secrets/buffer.go:33.2,33.20 1 0
github.com/flowd-org/flowd/internal/secrets/buffer.go:37.26,38.14 1 1
github.com/flowd-org/flowd/internal/secrets/buffer.go:38.14,40.3 1 0
github.com/flowd-org/flowd/internal/secrets/buffer.go:41.2,41.24 1 1
github.com/flowd-org/flowd/internal/secrets/buffer.go:41.24,43.3 1 1
github.com/flowd-org/flowd/internal/secrets/buffer.go:44.2,44.14 1 1
github.com/flowd-org/flowd/internal/secrets/errors.go:11.36,12.14 1 1
github.com/flowd-org/flowd/internal/secrets/errors.go:12.14,14.3 1 0
github.com/flowd-org/flowd/internal/secrets/errors.go:15.2,15.16 1 1
github.com/flowd-org/flowd/internal/secrets/errors.go:15.16,17.3 1 0
github.com/flowd-org/flowd/internal/secrets/errors.go:18.2,18.48 1 1
github.com/flowd-org/flowd/internal/secrets/errors.go:21.36,21.52 1 0
github.com/flowd-org/flowd/internal/secrets/errors.go:23.42,24.16 1 0
github.com/flowd-org/flowd/internal/secrets/errors.go:24.16,26.3 1 0
github.com/flowd-org/flowd/internal/secrets/errors.go:27.2,27.37 1 0
github.com/flowd-org/flowd/internal/secrets/errors.go:30.31,32.2 1 1
github.com/flowd-org/flowd/internal/secrets/handle_posix.go:21.32,22.31 1 1
github.com/flowd-org/flowd/internal/secrets/handle_posix.go:22.31,24.3 1 0
github.com/flowd-org/flowd/internal/secrets/handle_posix.go:25.2,25.23 1 1
github.com/flowd-org/flowd/internal/secrets/handle_posix.go:31.47,32.16 1 1
github.com/flowd-org/flowd/internal/secrets/handle_posix.go:32.16,34.3 1 0
github.com/flowd-org/flowd/internal/secrets/handle_posix.go:35.2,36.16 2 1
github.com/flowd-org/flowd/internal/secrets/handle_posix.go:36.16,38.3 1 0
github.com/flowd-org/flowd/internal/secrets/handle_posix.go:39.2,39.40 1 1
github.com/flowd-org/flowd/internal/secrets/handle_posix.go:39.40,42.3 2 0
github.com/flowd-org/flowd/internal/secrets/handle_posix.go:43.2,44.16 2 1
github.com/flowd-org/flowd/internal/secrets/handle_posix.go:44.16,47.3 2 0
github.com/flowd-org/flowd/internal/secrets/handle_posix.go:48.2,48.47 1 1
github.com/flowd-org/flowd/internal/secrets/handle_posix.go:51.47,52.17 1 1
github.com/flowd-org/flowd/internal/secrets/handle_posix.go:52.17,54.3 1 0
github.com/flowd-org/flowd/internal/secrets/handle_posix.go:55.2,56.49 2 1
github.com/flowd-org/flowd/internal/secrets/handle_posix.go:56.49,57.47 1 1
github.com/flowd-org/flowd/internal/secrets/handle_posix.go:57.47,59.4 1 1
github.com/flowd-org/flowd/internal/secrets/handle_posix.go:61.2,61.39 1 0
github.com/flowd-org/flowd/internal/secrets/handle_posix.go:64.44,65.22 1 1
github.com/flowd-org/flowd/internal/secrets/handle_posix.go:66.15,70.4 1 1
github.com/flowd-org/flowd/internal/secrets/handle_posix.go:71.16,75.4 1 0
github.com/flowd-org/flowd/internal/secrets/handle_posix.go:76.10,80.4 1 0
github.com/flowd-org/flowd/internal/secrets/secrets.go:22.23,24.2 1 1
github.com/flowd-org/flowd/internal/secrets/secrets.go:27.38,29.16 2 1
github.com/flowd-org/flowd/internal/secrets/secrets.go:29.16,31.3 1 0
github.com/flowd-org/flowd/internal/secrets/secrets.go:32.2,32.49 1 1
github.com/flowd-org/flowd/internal/secrets/secrets.go:32.49,34.3 1 0
github.com/flowd-org/flowd/internal/secrets/secrets.go:35.2,35.18 1 1
github.com/flowd-org/flowd/internal/secrets/secrets.go:39.43,40.36 1 1
github.com/flowd-org/flowd/internal/secrets/secrets.go:40.36,42.3 1 0
github.com/flowd-org/flowd/internal/secrets/secrets.go:43.2,44.16 2 1
github.com/flowd-org/flowd/internal/secrets/secrets.go:44.16,46.3 1 0
github.com/flowd-org/flowd/internal/secrets/secrets.go:47.2,48.51 2 1
github.com/flowd-org/flowd/internal/secrets/secrets.go:48.51,50.3 1 0
github.com/flowd-org/flowd/internal/secrets/secrets.go:51.2,51.20 1 1
github.com/flowd-org/flowd/internal/secrets/secrets.go:56.75,57.37 1 1
github.com/flowd-org/flowd/internal/secrets/secrets.go:57.37,59.3 1 1
github.com/flowd-org/flowd/internal/secrets/secrets.go:60.2,60.35 1 1
github.com/flowd-org/flowd/internal/secrets/secrets.go:60.35,62.3 1 0
github.com/flowd-org/flowd/internal/secrets/secrets.go:63.2,63.51 1 1
github.com/flowd-org/flowd/internal/secrets/secrets.go:63.51,65.3 1 0
github.com/flowd-org/flowd/internal/secrets/secrets.go:66.2,68.16 3 1
github.com/flowd-org/flowd/internal/secrets/secrets.go:68.16,70.3 1 0
github.com/flowd-org/flowd/internal/secrets/secrets.go:71.2,73.21 3 1
github.com/flowd-org/flowd/internal/secrets/secrets.go:73.21,75.3 1 0
github.com/flowd-org/flowd/internal/secrets/secrets.go:76.2,76.21 1 1
github.com/flowd-org/flowd/internal/secrets/secrets.go:76.21,78.3 1 0
github.com/flowd-org/flowd/internal/secrets/secrets.go:79.2,79.18 1 1
github.com/flowd-org/flowd/internal/secrets/secrets.go:85.60,86.35 1 1
github.com/flowd-org/flowd/internal/secrets/secrets.go:86.35,88.3 1 0
github.com/flowd-org/flowd/internal/secrets/secrets.go:89.2,90.16 2 1
github.com/flowd-org/flowd/internal/secrets/secrets.go:90.16,92.3 1 0
github.com/flowd-org/flowd/internal/secrets/secrets.go:93.2,93.29 1 1
github.com/flowd-org/flowd/internal/secrets/secrets.go:98.54,100.16 2 1
github.com/flowd-org/flowd/internal/secrets/secrets.go:100.16,102.3 1 0
github.com/flowd-org/flowd/internal/secrets/secrets.go:103.2,104.16 2 1
github.com/flowd-org/flowd/internal/secrets/secrets.go:104.16,105.37 1 0
github.com/flowd-org/flowd/internal/secrets/secrets.go:105.37,107.4 1 0
github.com/flowd-org/flowd/internal/secrets/secrets.go:108.3,108.42 1 0
github.com/flowd-org/flowd/internal/secrets/secrets.go:110.2,111.32 2 1
github.com/flowd-org/flowd/internal/secrets/secrets.go:111.32,112.21 1 1
github.com/flowd-org/flowd/internal/secrets/secrets.go:112.21,113.12 1 0
github.com/flowd-org/flowd/internal/secrets/secrets.go:115.3,116.21 2 1
github.com/flowd-org/flowd/internal/secrets/secrets.go:116.21,117.12 1 0
github.com/flowd-org/flowd/internal/secrets/secrets.go:119.3,119.35 1 1
github.com/flowd-org/flowd/internal/secrets/secrets.go:119.35,120.12 1 1
github.com/flowd-org/flowd/internal/secrets/secrets.go:122.3,123.58 2 1
github.com/flowd-org/flowd/internal/secrets/secrets.go:123.58,125.4 1 0
github.com/flowd-org/flowd/internal/secrets/secrets.go:126.3,126.12 1 1
github.com/flowd-org/flowd/internal/secrets/secrets.go:128.2,128.21 1 1
github.com/flowd-org/flowd/internal/secrets/secrets.go:131.39,132.16 1 1
github.com/flowd-org/flowd/internal/secrets/secrets.go:132.16,134.3 1 0
github.com/flowd-org/flowd/internal/secrets/secrets.go:135.2,136.25 2 1
github.com/flowd-org/flowd/internal/secrets/secrets.go:136.25,137.10 1 1
github.com/flowd-org/flowd/internal/secrets/secrets.go:138.29,139.18 1 1
github.com/flowd-org/flowd/internal/secrets/secrets.go:140.29,141.18 1 0
github.com/flowd-org/flowd/internal/secrets/secrets.go:142.29,143.18 1 0
github.com/flowd-org/flowd/internal/secrets/secrets.go:144.29,145.18 1 0
github.com/flowd-org/flowd/internal/secrets/secrets.go:146.11,147.20 1 0
github.com/flowd-org/flowd/internal/secrets/secrets.go:150.2,150.18 1 1
github.com/flowd-org/flowd/internal/secrets/secrets.go:150.18,152.3 1 0
github.com/flowd-org/flowd/internal/secrets/secrets.go:153.2,153.19 1 1
github.com/flowd-org/flowd/internal/server/authz/scopes.go:23.51,24.16 1 1
github.com/flowd-org/flowd/internal/server/authz/scopes.go:25.22,26.10 1 1
github.com/flowd-org/flowd/internal/server/authz/scopes.go:27.24,28.34 1 1
github.com/flowd-org/flowd/internal/server/authz/scopes.go:29.24,30.34 1 1
github.com/flowd-org/flowd/internal/server/authz/scopes.go:31.80,32.51 1 1
github.com/flowd-org/flowd/internal/server/authz/scopes.go:33.87,34.51 1 1
github.com/flowd-org/flowd/internal/server/authz/scopes.go:35.42,36.34 1 1
github.com/flowd-org/flowd/internal/server/authz/scopes.go:37.27,38.37 1 1
github.com/flowd-org/flowd/internal/server/authz/scopes.go:39.45,40.37 1 1
github.com/flowd-org/flowd/internal/server/authz/scopes.go:41.26,42.36 1 1
github.com/flowd-org/flowd/internal/server/authz/scopes.go:43.33,44.36 1 1
github.com/flowd-org/flowd/internal/server/authz/scopes.go:45.40,46.35 1 0
github.com/flowd-org/flowd/internal/server/authz/scopes.go:47.47,48.39 1 1
github.com/flowd-org/flowd/internal/server/authz/scopes.go:49.34,50.34 1 1
github.com/flowd-org/flowd/internal/server/authz/scopes.go:51.26,52.34 1 1
github.com/flowd-org/flowd/internal/server/authz/scopes.go:53.32,54.34 1 1
github.com/flowd-org/flowd/internal/server/authz/scopes.go:56.23,57.10 1 1
github.com/flowd-org/flowd/internal/server/authz/scopes.go:58.25,59.34 1 1
github.com/flowd-org/flowd/internal/server/authz/scopes.go:60.24,61.35 1 1
github.com/flowd-org/flowd/internal/server/authz/scopes.go:62.27,63.38 1 1
github.com/flowd-org/flowd/internal/server/authz/scopes.go:64.40,65.36 1 0
github.com/flowd-org/flowd/internal/server/authz/scopes.go:67.25,68.10 1 1
github.com/flowd-org/flowd/internal/server/authz/scopes.go:69.45,70.38 1 1
github.com/flowd-org/flowd/internal/server/authz/scopes.go:71.40,72.36 1 0
github.com/flowd-org/flowd/internal/server/authz/scopes.go:74.22,75.38 1 0
github.com/flowd-org/flowd/internal/server/authz/scopes.go:75.38,77.4 1 0
github.com/flowd-org/flowd/internal/server/authz/scopes.go:79.2,79.12 1 0
github.com/flowd-org/flowd/internal/executor/executor.go:61.37,62.14 1 0
github.com/flowd-org/flowd/internal/executor/executor.go:62.14,64.3 1 0
github.com/flowd-org/flowd/internal/executor/executor.go:65.2,67.26 3 0
github.com/flowd-org/flowd/internal/executor/executor.go:67.26,68.10 1 0
github.com/flowd-org/flowd/internal/executor/executor.go:69.29,70.18 1 0
github.com/flowd-org/flowd/internal/executor/executor.go:71.29,72.18 1 0
github.com/flowd-org/flowd/internal/executor/executor.go:73.29,74.20 1 0
github.com/flowd-org/flowd/internal/executor/executor.go:75.11,76.20 1 0
github.com/flowd-org/flowd/internal/executor/executor.go:79.2,80.15 2 0
github.com/flowd-org/flowd/internal/executor/executor.go:80.15,82.3 1 0
github.com/flowd-org/flowd/internal/executor/executor.go:83.2,83.19 1 0
github.com/flowd-org/flowd/internal/executor/executor.go:83.19,85.3 1 0
github.com/flowd-org/flowd/internal/executor/executor.go:86.2,86.12 1 0
github.com/flowd-org/flowd/internal/executor/executor.go:89.42,90.16 1 1
github.com/flowd-org/flowd/internal/executor/executor.go:90.16,92.3 1 0
github.com/flowd-org/flowd/internal/executor/executor.go:93.2,93.25 1 1
github.com/flowd-org/flowd/internal/executor/executor.go:93.25,95.3 1 1
github.com/flowd-org/flowd/internal/executor/executor.go:96.2,96.71 1 0
github.com/flowd-org/flowd/internal/executor/executor.go:99.95,101.16 2 1
github.com/flowd-org/flowd/internal/executor/executor.go:101.16,103.3 1 0
github.com/flowd-org/flowd/internal/executor/executor.go:104.2,104.22 1 1
github.com/flowd-org/flowd/internal/executor/executor.go:104.22,106.3 1 0
github.com/flowd-org/flowd/internal/executor/executor.go:107.2,107.71 1 1
github.com/flowd-org/flowd/internal/executor/executor.go:107.71,108.34 1 0
github.com/flowd-org/flowd/internal/executor/executor.go:108.34,110.24 2 0
github.com/flowd-org/flowd/internal/executor/executor.go:110.24,112.5 1 0
github.com/flowd-org/flowd/internal/executor/executor.go:113.4,113.35 1 0
github.com/flowd-org/flowd/internal/executor/executor.go:117.2,118.16 2 1
github.com/flowd-org/flowd/internal/executor/executor.go:118.16,120.3 1 0
github.com/flowd-org/flowd/internal/executor/executor.go:122.2,123.28 2 1
github.com/flowd-org/flowd/internal/executor/executor.go:123.28,124.16 1 1
github.com/flowd-org/flowd/internal/executor/executor.go:124.16,125.12 1 1
github.com/flowd-org/flowd/internal/executor/executor.go:127.3,128.108 2 1
github.com/flowd-org/flowd/internal/executor/executor.go:128.108,130.4 1 1
github.com/flowd-org/flowd/internal/executor/executor.go:132.2,139.33 6 1
github.com/flowd-org/flowd/internal/executor/executor.go:139.33,142.24 3 1
github.com/flowd-org/flowd/internal/executor/executor.go:142.24,144.4 1 0
github.com/flowd-org/flowd/internal/executor/executor.go:146.3,147.26 2 1
github.com/flowd-org/flowd/internal/executor/executor.go:147.26,149.4 1 0
github.com/flowd-org/flowd/internal/executor/executor.go:151.3,152.37 2 1
github.com/flowd-org/flowd/internal/executor/executor.go:152.37,153.27 1 0
github.com/flowd-org/flowd/internal/executor/executor.go:154.14,155.10 1 0
github.com/flowd-org/flowd/internal/executor/executor.go:155.10,157.6 1 0
github.com/flowd-org/flowd/internal/executor/executor.go:158.16,159.65 1 0
github.com/flowd-org/flowd/internal/executor/executor.go:160.13,161.65 1 0
github.com/flowd-org/flowd/internal/executor/executor.go:164.3,164.51 1 1
github.com/flowd-org/flowd/internal/executor/executor.go:164.51,166.27 2 0
github.com/flowd-org/flowd/internal/executor/executor.go:166.27,168.5 1 0
github.com/flowd-org/flowd/internal/executor/executor.go:169.4,170.18 2 0
github.com/flowd-org/flowd/internal/executor/executor.go:170.18,172.5 1 0
github.com/flowd-org/flowd/internal/executor/executor.go:173.4,173.12 1 0
github.com/flowd-org/flowd/internal/executor/executor.go:176.3,176.26 1 1
github.com/flowd-org/flowd/internal/executor/executor.go:176.26,179.4 1 0
github.com/flowd-org/flowd/internal/executor/executor.go:181.3,181.18 1 1
github.com/flowd-org/flowd/internal/executor/executor.go:181.18,182.12 1 0
github.com/flowd-org/flowd/internal/executor/executor.go:185.3,186.26 2 1
github.com/flowd-org/flowd/internal/executor/executor.go:186.26,188.4 1 0
github.com/flowd-org/flowd/internal/executor/executor.go:189.3,190.39 2 1
github.com/flowd-org/flowd/internal/executor/executor.go:190.39,192.4 1 0
github.com/flowd-org/flowd/internal/executor/executor.go:195.2,195.21 1 1
github.com/flowd-org/flowd/internal/executor/executor.go:198.115,200.20 2 0
github.com/flowd-org/flowd/internal/executor/executor.go:200.20,202.3 1 0
github.com/flowd-org/flowd/internal/executor/executor.go:203.2,208.35 5 0
github.com/flowd-org/flowd/internal/executor/executor.go:208.35,210.19 2 0
github.com/flowd-org/flowd/internal/executor/executor.go:210.19,212.4 1 0
github.com/flowd-org/flowd/internal/executor/executor.go:213.3,214.23 2 0
github.com/flowd-org/flowd/internal/executor/executor.go:214.23,216.4 1 0
github.com/flowd-org/flowd/internal/executor/executor.go:217.3,217.34 1 0
github.com/flowd-org/flowd/internal/executor/executor.go:217.34,219.4 1 0
github.com/flowd-org/flowd/internal/executor/executor.go:220.3,220.26 1 0
github.com/flowd-org/flowd/internal/executor/executor.go:220.26,222.4 1 0
github.com/flowd-org/flowd/internal/executor/executor.go:224.3,225.37 2 0
github.com/flowd-org/flowd/internal/executor/executor.go:225.37,226.27 1 0
github.com/flowd-org/flowd/internal/executor/executor.go:227.14,228.10 1 0
github.com/flowd-org/flowd/internal/executor/executor.go:228.10,230.6 1 0
github.com/flowd-org/flowd/internal/executor/executor.go:231.16,232.65 1 0
github.com/flowd-org/flowd/internal/executor/executor.go:233.13,234.65 1 0
github.com/flowd-org/flowd/internal/executor/executor.go:238.3,243.19 2 0
github.com/flowd-org/flowd/internal/executor/executor.go:244.20,247.19 3 0
github.com/flowd-org/flowd/internal/executor/executor.go:247.19,250.5 2 0
github.com/flowd-org/flowd/internal/executor/executor.go:250.10,260.5 5 0
github.com/flowd-org/flowd/internal/executor/executor.go:261.15,263.25 2 0
github.com/flowd-org/flowd/internal/executor/executor.go:263.25,266.5 2 0
github.com/flowd-org/flowd/internal/executor/executor.go:266.10,269.5 2 0
github.com/flowd-org/flowd/internal/executor/executor.go:270.11,272.63 2 0
github.com/flowd-org/flowd/internal/executor/executor.go:275.3,275.26 1 0
github.com/flowd-org/flowd/internal/executor/executor.go:275.26,277.4 1 0
github.com/flowd-org/flowd/internal/executor/executor.go:278.3,279.17 2 0
github.com/flowd-org/flowd/internal/executor/executor.go:279.17,280.19 1 0
github.com/flowd-org/flowd/internal/executor/executor.go:280.19,282.5 1 0
github.com/flowd-org/flowd/internal/executor/executor.go:285.2,285.21 1 0
github.com/flowd-org/flowd/internal/executor/executor.go:288.228,290.53 2 1
github.com/flowd-org/flowd/internal/executor/executor.go:290.53,293.17 3 1
github.com/flowd-org/flowd/internal/executor/executor.go:293.17,297.4 3 0
github.com/flowd-org/flowd/internal/executor/executor.go:298.3,301.22 3 1
github.com/flowd-org/flowd/internal/executor/executor.go:301.22,305.4 3 0
github.com/flowd-org/flowd/internal/executor/executor.go:307.3,308.10 2 1
github.com/flowd-org/flowd/internal/executor/executor.go:309.46,312.57 3 1
github.com/flowd-org/flowd/internal/executor/executor.go:313.91,321.57 4 0
github.com/flowd-org/flowd/internal/executor/executor.go:322.11,325.57 3 0
github.com/flowd-org/flowd/internal/executor/executor.go:328.3,329.24 2 1
github.com/flowd-org/flowd/internal/executor/executor.go:329.24,331.4 1 1
github.com/flowd-org/flowd/internal/executor/executor.go:332.3,333.24 2 1
github.com/flowd-org/flowd/internal/executor/executor.go:333.24,335.4 1 1
github.com/flowd-org/flowd/internal/executor/executor.go:336.3,342.51 6 1
github.com/flowd-org/flowd/internal/executor/executor.go:342.51,344.4 1 0
github.com/flowd-org/flowd/internal/executor/executor.go:345.3,347.19 3 1
github.com/flowd-org/flowd/internal/executor/executor.go:347.19,349.4 1 1
github.com/flowd-org/flowd/internal/executor/executor.go:350.3,356.44 7 1
github.com/flowd-org/flowd/internal/executor/executor.go:356.44,359.4 2 1
github.com/flowd-org/flowd/internal/executor/executor.go:359.9,361.4 1 0
github.com/flowd-org/flowd/internal/executor/executor.go:363.3,365.26 3 1
github.com/flowd-org/flowd/internal/executor/executor.go:365.26,367.4 1 1
github.com/flowd-org/flowd/internal/executor/executor.go:368.3,373.17 5 1
github.com/flowd-org/flowd/internal/executor/executor.go:373.17,376.27 3 1
github.com/flowd-org/flowd/internal/executor/executor.go:376.27,378.20 2 0
github.com/flowd-org/flowd/internal/executor/executor.go:378.20,381.6 2 0
github.com/flowd-org/flowd/internal/executor/executor.go:381.11,383.6 1 0
github.com/flowd-org/flowd/internal/executor/executor.go:385.4,385.17 1 1
github.com/flowd-org/flowd/internal/executor/executor.go:388.3,389.47 2 0
github.com/flowd-org/flowd/internal/executor/executor.go:389.47,391.4 1 0
github.com/flowd-org/flowd/internal/executor/executor.go:392.3,395.26 3 0
github.com/flowd-org/flowd/internal/executor/executor.go:395.26,397.4 1 0
github.com/flowd-org/flowd/internal/executor/executor.go:399.3,399.53 1 0
github.com/flowd-org/flowd/internal/executor/executor.go:399.53,400.27 1 0
github.com/flowd-org/flowd/internal/executor/executor.go:400.27,402.5 1 0
github.com/flowd-org/flowd/internal/executor/executor.go:403.4,404.12 2 0
github.com/flowd-org/flowd/internal/executor/executor.go:407.3,407.26 1 0
github.com/flowd-org/flowd/internal/executor/executor.go:407.26,409.4 1 0
github.com/flowd-org/flowd/internal/executor/executor.go:410.3,410.16 1 0
github.com/flowd-org/flowd/internal/executor/executor.go:412.2,412.15 1 0
github.com/flowd-org/flowd/internal/executor/executor.go:415.91,417.17 2 0
github.com/flowd-org/flowd/internal/executor/executor.go:417.17,419.3 1 0
github.com/flowd-org/flowd/internal/executor/executor.go:420.2,420.20 1 0
github.com/flowd-org/flowd/internal/executor/executor.go:420.20,422.3 1 0
github.com/flowd-org/flowd/internal/executor/executor.go:423.2,423.44 1 0
github.com/flowd-org/flowd/internal/executor/executor.go:423.44,425.3 1 0
github.com/flowd-org/flowd/internal/executor/executor.go:426.2,426.30 1 0
github.com/flowd-org/flowd/internal/executor/executor.go:426.30,431.3 1 0
github.com/flowd-org/flowd/internal/executor/executor.go:432.2,432.46 1 0
github.com/flowd-org/flowd/internal/executor/executor.go:432.46,434.3 1 0
github.com/flowd-org/flowd/internal/executor/executor.go:435.2,436.35 2 0
github.com/flowd-org/flowd/internal/executor/executor.go:436.35,438.3 1 0
github.com/flowd-org/flowd/internal/executor/executor.go:439.2,439.32 1 0
github.com/flowd-org/flowd/internal/executor/executor.go:439.32,441.3 1 0
github.com/flowd-org/flowd/internal/executor/executor.go:442.2,442.33 1 0
github.com/flowd-org/flowd/internal/executor/executor.go:442.33,444.3 1 0
github.com/flowd-org/flowd/internal/executor/executor.go:445.2,445.13 1 0
github.com/flowd-org/flowd/internal/executor/executor.go:448.72,449.16 1 0
github.com/flowd-org/flowd/internal/executor/executor.go:449.16,451.3 1 0
github.com/flowd-org/flowd/internal/executor/executor.go:452.2,460.26 2 0
github.com/flowd-org/flowd/internal/executor/executor.go:460.26,465.3 1 0
github.com/flowd-org/flowd/internal/executor/executor.go:466.2,466.14 1 0
github.com/flowd-org/flowd/internal/executor/executor.go:469.38,471.27 2 0
github.com/flowd-org/flowd/internal/executor/executor.go:471.27,473.3 1 0
github.com/flowd-org/flowd/internal/executor/executor.go:474.2,474.35 1 0
github.com/flowd-org/flowd/internal/executor/executor.go:477.58,479.25 2 1
github.com/flowd-org/flowd/internal/executor/executor.go:479.25,480.36 1 1
github.com/flowd-org/flowd/internal/executor/executor.go:480.36,483.4 2 1
github.com/flowd-org/flowd/internal/executor/executor.go:485.2,485.34 1 1
github.com/flowd-org/flowd/internal/executor/executor.go:488.106,495.27 4 1
github.com/flowd-org/flowd/internal/executor/executor.go:495.27,496.38 1 1
github.com/flowd-org/flowd/internal/executor/executor.go:496.38,498.4 1 1
github.com/flowd-org/flowd/internal/executor/executor.go:499.3,499.16 1 1
github.com/flowd-org/flowd/internal/executor/executor.go:502.2,502.34 1 1
github.com/flowd-org/flowd/internal/executor/executor.go:502.34,503.29 1 1
github.com/flowd-org/flowd/internal/executor/executor.go:503.29,505.4 1 1
github.com/flowd-org/flowd/internal/executor/executor.go:507.2,507.34 1 1
github.com/flowd-org/flowd/internal/executor/executor.go:507.34,508.44 1 1
github.com/flowd-org/flowd/internal/executor/executor.go:508.44,510.4 1 1
github.com/flowd-org/flowd/internal/executor/executor.go:512.2,512.27 1 1
github.com/flowd-org/flowd/internal/executor/executor.go:512.27,514.3 1 1
github.com/flowd-org/flowd/internal/executor/executor.go:515.2,515.20 1 1
github.com/flowd-org/flowd/internal/executor/executor.go:515.20,518.3 2 1
github.com/flowd-org/flowd/internal/executor/executor.go:519.2,519.13 1 1
github.com/flowd-org/flowd/internal/executor/executor.go:519.13,520.35 1 1
github.com/flowd-org/flowd/internal/executor/executor.go:520.35,522.23 2 1
github.com/flowd-org/flowd/internal/executor/executor.go:522.23,523.13 1 0
github.com/flowd-org/flowd/internal/executor/executor.go:525.4,525.45 1 1
github.com/flowd-org/flowd/internal/executor/executor.go:525.45,526.13 1 1
github.com/flowd-org/flowd/internal/executor/executor.go:528.4,528.27 1 1
github.com/flowd-org/flowd/internal/executor/executor.go:531.2,532.28 2 1
github.com/flowd-org/flowd/internal/executor/executor.go:532.28,534.3 1 1
github.com/flowd-org/flowd/internal/executor/executor.go:535.2,535.12 1 1
github.com/flowd-org/flowd/internal/executor/executor.go:538.70,539.34 1 1
github.com/flowd-org/flowd/internal/executor/executor.go:539.34,541.3 1 1
github.com/flowd-org/flowd/internal/executor/executor.go:542.2,543.51 2 1
github.com/flowd-org/flowd/internal/executor/executor.go:543.51,548.3 1 1
github.com/flowd-org/flowd/internal/executor/executor.go:549.2,549.61 1 1
github.com/flowd-org/flowd/internal/executor/executor.go:549.61,551.3 1 1
github.com/flowd-org/flowd/internal/executor/executor.go:552.2,552.12 1 1
github.com/flowd-org/flowd/internal/executor/executor.go:555.69,557.22 2 1
github.com/flowd-org/flowd/internal/executor/executor.go:557.22,559.3 1 0
github.com/flowd-org/flowd/internal/executor/executor.go:560.2,560.35 1 1
github.com/flowd-org/flowd/internal/executor/executor.go:562.196,564.21 2 0
github.com/flowd-org/flowd/internal/executor/executor.go:564.21,566.3 1 0
github.com/flowd-org/flowd/internal/executor/executor.go:567.2,569.19 3 0
github.com/flowd-org/flowd/internal/executor/executor.go:569.19,572.17 3 0
github.com/flowd-org/flowd/internal/executor/executor.go:572.17,574.4 1 0
github.com/flowd-org/flowd/internal/executor/executor.go:576.2,577.18 2 0
github.com/flowd-org/flowd/internal/executor/executor.go:577.18,579.3 1 0
github.com/flowd-org/flowd/internal/executor/executor.go:580.2,580.25 1 0
github.com/flowd-org/flowd/internal/executor/executor.go:580.25,582.3 1 0
github.com/flowd-org/flowd/internal/executor/executor.go:583.2,583.96 1 0
github.com/flowd-org/flowd/internal/executor/executor.go:583.96,585.3 1 0
github.com/flowd-org/flowd/internal/executor/executor.go:587.2,588.50 2 0
github.com/flowd-org/flowd/internal/executor/executor.go:588.50,590.3 1 0
github.com/flowd-org/flowd/internal/executor/executor.go:591.2,593.29 3 0
github.com/flowd-org/flowd/internal/executor/executor.go:593.29,595.22 2 0
github.com/flowd-org/flowd/internal/executor/executor.go:595.22,596.12 1 0
github.com/flowd-org/flowd/internal/executor/executor.go:598.3,598.30 1 0
github.com/flowd-org/flowd/internal/executor/executor.go:600.2,602.16 3 0
github.com/flowd-org/flowd/internal/executor/executor.go:602.16,604.3 1 0
github.com/flowd-org/flowd/internal/executor/executor.go:608.2,610.18 3 0
github.com/flowd-org/flowd/internal/executor/executor.go:610.18,612.3 1 0
github.com/flowd-org/flowd/internal/executor/executor.go:613.2,621.28 3 0
github.com/flowd-org/flowd/internal/executor/executor.go:621.28,624.3 2 0
github.com/flowd-org/flowd/internal/executor/executor.go:626.2,627.28 2 0
github.com/flowd-org/flowd/internal/executor/executor.go:627.28,629.3 1 0
github.com/flowd-org/flowd/internal/executor/executor.go:629.8,631.3 1 0
github.com/flowd-org/flowd/internal/executor/executor.go:632.2,632.27 1 0
github.com/flowd-org/flowd/internal/executor/executor.go:632.27,634.3 1 0
github.com/flowd-org/flowd/internal/executor/executor.go:636.2,649.40 2 0
github.com/flowd-org/flowd/internal/executor/executor.go:649.40,650.29 1 0
github.com/flowd-org/flowd/internal/executor/executor.go:650.29,652.4 1 0
github.com/flowd-org/flowd/internal/executor/executor.go:653.3,653.36 1 0
github.com/flowd-org/flowd/internal/executor/executor.go:653.36,655.4 1 0
github.com/flowd-org/flowd/internal/executor/executor.go:656.3,656.73 1 0
github.com/flowd-org/flowd/internal/executor/executor.go:656.73,658.4 1 0
github.com/flowd-org/flowd/internal/executor/executor.go:659.3,659.39 1 0
github.com/flowd-org/flowd/internal/executor/executor.go:659.39,661.4 1 0
github.com/flowd-org/flowd/internal/executor/executor.go:663.2,664.16 2 0
github.com/flowd-org/flowd/internal/executor/executor.go:664.16,666.3 1 0
github.com/flowd-org/flowd/internal/executor/executor.go:667.2,679.58 13 0
github.com/flowd-org/flowd/internal/executor/executor.go:679.58,685.17 6 0
github.com/flowd-org/flowd/internal/executor/executor.go:685.17,687.4 1 0
github.com/flowd-org/flowd/internal/executor/executor.go:689.2,689.38 1 0
github.com/flowd-org/flowd/internal/executor/executor.go:689.38,695.3 5 0
github.com/flowd-org/flowd/internal/executor/executor.go:696.2,697.16 2 0
github.com/flowd-org/flowd/internal/executor/executor.go:697.16,699.31 2 0
github.com/flowd-org/flowd/internal/executor/executor.go:699.31,701.4 1 0
github.com/flowd-org/flowd/internal/executor/executor.go:701.9,703.4 1 0
github.com/flowd-org/flowd/internal/executor/executor.go:704.8,706.3 1 0
github.com/flowd-org/flowd/internal/executor/executor.go:707.2,707.27 1 0
github.com/flowd-org/flowd/internal/executor/profile.go:14.155,17.17 3 1
github.com/flowd-org/flowd/internal/executor/profile.go:17.17,18.33 1 1
github.com/flowd-org/flowd/internal/executor/profile.go:18.33,19.44 1 1
github.com/flowd-org/flowd/internal/executor/profile.go:19.44,21.5 1 0
github.com/flowd-org/flowd/internal/executor/profile.go:24.2,24.9 1 1
github.com/flowd-org/flowd/internal/executor/profile.go:25.40,27.34 2 1
github.com/flowd-org/flowd/internal/executor/profile.go:28.80,35.9 2 0
github.com/flowd-org/flowd/internal/executor/profile.go:36.10,37.80 1 0
github.com/flowd-org/flowd/internal/executor/profile.go:44.2,48.26 4 1
github.com/flowd-org/flowd/internal/executor/profile.go:48.26,49.21 1 1
github.com/flowd-org/flowd/internal/executor/profile.go:49.21,51.9 2 1
github.com/flowd-org/flowd/internal/executor/profile.go:54.2,54.64 1 1
github.com/flowd-org/flowd/internal/executor/profile.go:54.64,57.3 1 0
github.com/flowd-org/flowd/internal/executor/profile.go:59.2,60.18 2 1
github.com/flowd-org/flowd/internal/executor/profile.go:60.18,61.41 1 1
github.com/flowd-org/flowd/internal/executor/profile.go:61.41,64.4 2 1
github.com/flowd-org/flowd/internal/executor/profile.go:65.8,67.3 1 0
github.com/flowd-org/flowd/internal/executor/profile.go:69.2,71.19 3 1
github.com/flowd-org/flowd/internal/executor/profile.go:71.19,73.3 1 0
github.com/flowd-org/flowd/internal/executor/profile.go:75.2,75.29 1 1
github.com/flowd-org/flowd/internal/executor/profile.go:75.29,79.19 3 1
github.com/flowd-org/flowd/internal/executor/profile.go:79.19,89.4 3 1
github.com/flowd-org/flowd/internal/executor/profile.go:91.3,91.20 1 1
github.com/flowd-org/flowd/internal/executor/profile.go:91.20,101.4 3 0
github.com/flowd-org/flowd/internal/executor/profile.go:104.2,104.55 1 1
github.com/flowd-org/flowd/internal/executor/profile.go:104.55,106.33 2 1
github.com/flowd-org/flowd/internal/executor/profile.go:106.33,107.58 1 1
github.com/flowd-org/flowd/internal/executor/profile.go:107.58,109.5 1 0
github.com/flowd-org/flowd/internal/executor/profile.go:110.4,111.11 2 1
github.com/flowd-org/flowd/internal/executor/profile.go:111.11,112.13 1 0
github.com/flowd-org/flowd/internal/executor/profile.go:114.4,114.44 1 1
github.com/flowd-org/flowd/internal/executor/profile.go:114.44,115.13 1 0
github.com/flowd-org/flowd/internal/executor/profile.go:117.4,118.20 2 1
github.com/flowd-org/flowd/internal/executor/profile.go:119.40,120.36 1 1
github.com/flowd-org/flowd/internal/executor/profile.go:120.36,122.6 1 1
github.com/flowd-org/flowd/internal/executor/profile.go:122.11,124.6 1 1
github.com/flowd-org/flowd/internal/executor/profile.go:125.5,125.61 1 1
github.com/flowd-org/flowd/internal/executor/profile.go:126.17,128.12 2 0
github.com/flowd-org/flowd/internal/executor/profile.go:128.12,131.6 1 0
github.com/flowd-org/flowd/internal/executor/profile.go:132.5,132.21 1 0
github.com/flowd-org/flowd/internal/executor/profile.go:132.21,134.6 1 0
github.com/flowd-org/flowd/internal/executor/profile.go:134.11,136.6 1 0
github.com/flowd-org/flowd/internal/executor/profile.go:137.18,139.87 2 0
github.com/flowd-org/flowd/internal/executor/profile.go:140.12,140.12 0 0
github.com/flowd-org/flowd/internal/executor/profile.go:146.2,146.19 1 1
github.com/flowd-org/flowd/internal/executor/profile.go:146.19,149.35 3 0
github.com/flowd-org/flowd/internal/executor/profile.go:149.35,151.4 1 0
github.com/flowd-org/flowd/internal/executor/profile.go:152.3,175.4 2 0
github.com/flowd-org/flowd/internal/executor/profile.go:178.2,179.16 2 1
github.com/flowd-org/flowd/internal/executor/profile.go:179.16,181.3 1 0
github.com/flowd-org/flowd/internal/executor/profile.go:183.2,184.81 2 1
github.com/flowd-org/flowd/internal/executor/profile.go:184.81,187.3 2 0
github.com/flowd-org/flowd/internal/executor/profile.go:189.2,191.20 2 1
github.com/flowd-org/flowd/internal/executor/profile.go:191.20,192.20 1 1
github.com/flowd-org/flowd/internal/executor/profile.go:192.20,194.4 1 1
github.com/flowd-org/flowd/internal/executor/profile.go:194.9,196.4 1 0
github.com/flowd-org/flowd/internal/executor/profile.go:199.2,199.34 1 1
github.com/flowd-org/flowd/internal/executor/profile.go:202.42,205.21 3 1
github.com/flowd-org/flowd/internal/executor/profile.go:205.21,207.3 1 0
github.com/flowd-org/flowd/internal/executor/profile.go:208.2,208.18 1 1
github.com/flowd-org/flowd/internal/executor/profile.go:211.36,213.2 1 1
github.com/flowd-org/flowd/internal/executor/profile.go:215.43,217.27 2 0
github.com/flowd-org/flowd/internal/executor/profile.go:217.27,219.3 1 0
github.com/flowd-org/flowd/internal/executor/profile.go:220.2,220.34 1 0
github.com/flowd-org/flowd/internal/executor/profile.go:223.47,224.17 1 0
github.com/flowd-org/flowd/internal/executor/profile.go:224.17,226.3 1 0
github.com/flowd-org/flowd/internal/executor/profile.go:227.2,228.22 2 0
github.com/flowd-org/flowd/internal/executor/profile.go:228.22,230.3 1 0
github.com/flowd-org/flowd/internal/executor/profile.go:231.2,231.33 1 0
github.com/flowd-org/flowd/internal/executor/profile.go:234.44,235.24 1 0
github.com/flowd-org/flowd/internal/executor/profile.go:236.16,237.12 1 0
github.com/flowd-org/flowd/internal/executor/profile.go:238.21,240.27 2 0
github.com/flowd-org/flowd/internal/executor/profile.go:240.27,241.34 1 0
github.com/flowd-org/flowd/internal/executor/profile.go:241.34,243.5 1 0
github.com/flowd-org/flowd/internal/executor/profile.go:245.3,245.13 1 0
github.com/flowd-org/flowd/internal/executor/profile.go:246.10,247.13 1 0
github.com/flowd-org/flowd/internal/executor/profile.go:251.51,253.14 2 0
github.com/flowd-org/flowd/internal/executor/profile.go:253.14,255.3 1 0
github.com/flowd-org/flowd/internal/executor/profile.go:256.2,256.24 1 0
github.com/flowd-org/flowd/internal/executor/profile.go:257.25,258.12 1 0
github.com/flowd-org/flowd/internal/executor/profile.go:259.30,260.26 1 0
github.com/flowd-org/flowd/internal/executor/profile.go:260.26,261.33 1 0
github.com/flowd-org/flowd/internal/executor/profile.go:261.33,263.5 1 0
github.com/flowd-org/flowd/internal/executor/profile.go:266.2,266.12 1 0
github.com/flowd-org/flowd/internal/executor/umask_unix.go:7.32,9.16 2 1
github.com/flowd-org/flowd/internal/executor/umask_unix.go:9.16,9.38 1 1
github.com/flowd-org/flowd/internal/artifacts/mapping.go:34.57,35.15 1 1
github.com/flowd-org/flowd/internal/artifacts/mapping.go:35.15,37.3 1 0
github.com/flowd-org/flowd/internal/artifacts/mapping.go:38.2,42.68 3 1
github.com/flowd-org/flowd/internal/artifacts/mapping.go:46.105,47.46 1 1
github.com/flowd-org/flowd/internal/artifacts/mapping.go:47.46,49.3 1 0
github.com/flowd-org/flowd/internal/artifacts/mapping.go:50.2,51.16 2 1
github.com/flowd-org/flowd/internal/artifacts/mapping.go:51.16,53.3 1 1
github.com/flowd-org/flowd/internal/artifacts/mapping.go:54.2,55.16 2 1
github.com/flowd-org/flowd/internal/artifacts/mapping.go:55.16,57.3 1 0
github.com/flowd-org/flowd/internal/artifacts/mapping.go:59.2,60.16 2 1
github.com/flowd-org/flowd/internal/artifacts/mapping.go:60.16,62.3 1 0
github.com/flowd-org/flowd/internal/artifacts/mapping.go:63.2,63.12 1 1
github.com/flowd-org/flowd/internal/artifacts/mapping.go:63.12,65.3 1 0
github.com/flowd-org/flowd/internal/artifacts/mapping.go:66.2,66.62 1 1
github.com/flowd-org/flowd/internal/artifacts/mapping.go:66.62,68.3 1 1
github.com/flowd-org/flowd/internal/artifacts/mapping.go:70.2,71.16 2 1
github.com/flowd-org/flowd/internal/artifacts/mapping.go:71.16,73.3 1 0
github.com/flowd-org/flowd/internal/artifacts/mapping.go:74.2,75.12 2 1
github.com/flowd-org/flowd/internal/artifacts/mapping.go:79.113,80.46 1 1
github.com/flowd-org/flowd/internal/artifacts/mapping.go:80.46,82.3 1 0
github.com/flowd-org/flowd/internal/artifacts/mapping.go:83.2,84.16 2 1
github.com/flowd-org/flowd/internal/artifacts/mapping.go:84.16,86.3 1 0
github.com/flowd-org/flowd/internal/artifacts/mapping.go:87.2,88.16 2 1
github.com/flowd-org/flowd/internal/artifacts/mapping.go:88.16,90.3 1 0
github.com/flowd-org/flowd/internal/artifacts/mapping.go:91.2,92.26 2 1
github.com/flowd-org/flowd/internal/artifacts/mapping.go:92.26,94.3 1 1
github.com/flowd-org/flowd/internal/artifacts/mapping.go:96.2,97.16 2 1
github.com/flowd-org/flowd/internal/artifacts/mapping.go:97.16,99.3 1 0
github.com/flowd-org/flowd/internal/artifacts/mapping.go:100.2,101.16 2 1
github.com/flowd-org/flowd/internal/artifacts/mapping.go:101.16,103.3 1 0
github.com/flowd-org/flowd/internal/artifacts/mapping.go:104.2,104.13 1 1
github.com/flowd-org/flowd/internal/artifacts/mapping.go:104.13,106.3 1 0
github.com/flowd-org/flowd/internal/artifacts/mapping.go:107.2,107.62 1 1
github.com/flowd-org/flowd/internal/artifacts/mapping.go:107.62,109.3 1 0
github.com/flowd-org/flowd/internal/artifacts/mapping.go:110.2,110.40 1 1
github.com/flowd-org/flowd/internal/artifacts/mapping.go:114.74,116.16 2 1
github.com/flowd-org/flowd/internal/artifacts/mapping.go:116.16,118.3 1 0
github.com/flowd-org/flowd/internal/artifacts/mapping.go:119.2,121.48 3 1
github.com/flowd-org/flowd/internal/artifacts/mapping.go:124.95,127.53 3 1
github.com/flowd-org/flowd/internal/artifacts/mapping.go:127.53,129.3 1 0
github.com/flowd-org/flowd/internal/artifacts/mapping.go:130.2,131.16 2 1
github.com/flowd-org/flowd/internal/artifacts/mapping.go:131.16,133.3 1 1
github.com/flowd-org/flowd/internal/artifacts/mapping.go:134.2,134.70 1 1
github.com/flowd-org/flowd/internal/artifacts/mapping.go:137.76,140.2 1 1
github.com/flowd-org/flowd/internal/artifacts/store.go:42.36,44.16 2 1
github.com/flowd-org/flowd/internal/artifacts/store.go:44.16,46.3 1 0
github.com/flowd-org/flowd/internal/artifacts/store.go:47.2,48.19 2 1
github.com/flowd-org/flowd/internal/artifacts/store.go:48.19,50.3 1 0
github.com/flowd-org/flowd/internal/artifacts/store.go:51.2,51.58 1 1
github.com/flowd-org/flowd/internal/artifacts/store.go:55.93,56.14 1 1
github.com/flowd-org/flowd/internal/artifacts/store.go:56.14,58.3 1 0
github.com/flowd-org/flowd/internal/artifacts/store.go:59.2,60.16 2 1
github.com/flowd-org/flowd/internal/artifacts/store.go:60.16,62.3 1 0
github.com/flowd-org/flowd/internal/artifacts/store.go:63.2,63.16 1 1
github.com/flowd-org/flowd/internal/artifacts/store.go:63.16,65.3 1 0
github.com/flowd-org/flowd/internal/artifacts/store.go:67.2,68.69 2 1
github.com/flowd-org/flowd/internal/artifacts/store.go:68.69,70.3 1 0
github.com/flowd-org/flowd/internal/artifacts/store.go:72.2,73.16 2 1
github.com/flowd-org/flowd/internal/artifacts/store.go:73.16,74.34 1 1
github.com/flowd-org/flowd/internal/artifacts/store.go:74.34,76.4 1 1
github.com/flowd-org/flowd/internal/artifacts/store.go:77.3,77.58 1 0
github.com/flowd-org/flowd/internal/artifacts/store.go:80.2,81.15 2 1
github.com/flowd-org/flowd/internal/artifacts/store.go:81.15,82.14 1 1
github.com/flowd-org/flowd/internal/artifacts/store.go:82.14,84.4 1 1
github.com/flowd-org/flowd/internal/artifacts/store.go:87.2,89.16 3 1
github.com/flowd-org/flowd/internal/artifacts/store.go:89.16,92.3 2 0
github.com/flowd-org/flowd/internal/artifacts/store.go:93.2,93.34 1 1
github.com/flowd-org/flowd/internal/artifacts/store.go:93.34,96.3 2 1
github.com/flowd-org/flowd/internal/artifacts/store.go:99.2,99.41 1 1
github.com/flowd-org/flowd/internal/artifacts/store.go:99.41,102.3 2 0
github.com/flowd-org/flowd/internal/artifacts/store.go:103.2,103.44 1 1
github.com/flowd-org/flowd/internal/artifacts/store.go:103.44,106.3 2 0
github.com/flowd-org/flowd/internal/artifacts/store.go:107.2,109.21 2 1
github.com/flowd-org/flowd/internal/artifacts/store.go:113.59,114.14 1 1
github.com/flowd-org/flowd/internal/artifacts/store.go:114.14,116.3 1 0
github.com/flowd-org/flowd/internal/artifacts/store.go:117.2,118.16 2 1
github.com/flowd-org/flowd/internal/artifacts/store.go:118.16,120.3 1 0
github.com/flowd-org/flowd/internal/artifacts/store.go:121.2,121.43 1 1
github.com/flowd-org/flowd/internal/artifacts/store.go:125.49,126.14 1 0
github.com/flowd-org/flowd/internal/artifacts/store.go:126.14,128.3 1 0
github.com/flowd-org/flowd/internal/artifacts/store.go:129.2,130.16 2 0
github.com/flowd-org/flowd/internal/artifacts/store.go:130.16,132.3 1 0
github.com/flowd-org/flowd/internal/artifacts/store.go:133.2,133.96 1 0
github.com/flowd-org/flowd/internal/artifacts/store.go:133.96,135.3 1 0
github.com/flowd-org/flowd/internal/artifacts/store.go:136.2,136.12 1 0
github.com/flowd-org/flowd/internal/artifacts/store.go:139.53,142.2 2 1
github.com/flowd-org/flowd/internal/artifacts/store.go:144.88,145.16 1 1
github.com/flowd-org/flowd/internal/artifacts/store.go:145.16,147.3 1 0
github.com/flowd-org/flowd/internal/artifacts/store.go:148.2,150.6 3 1
github.com/flowd-org/flowd/internal/artifacts/store.go:150.6,151.10 1 1
github.com/flowd-org/flowd/internal/artifacts/store.go:152.21,153.27 1 0
github.com/flowd-org/flowd/internal/artifacts/store.go:154.11,154.11 0 1
github.com/flowd-org/flowd/internal/artifacts/store.go:156.3,157.12 2 1
github.com/flowd-org/flowd/internal/artifacts/store.go:157.12,160.23 3 1
github.com/flowd-org/flowd/internal/artifacts/store.go:160.23,162.5 1 0
github.com/flowd-org/flowd/internal/artifacts/store.go:163.4,163.20 1 1
github.com/flowd-org/flowd/internal/artifacts/store.go:163.20,165.5 1 0
github.com/flowd-org/flowd/internal/artifacts/store.go:167.3,167.21 1 1
github.com/flowd-org/flowd/internal/artifacts/store.go:167.21,168.34 1 1
github.com/flowd-org/flowd/internal/artifacts/store.go:168.34,170.5 1 1
github.com/flowd-org/flowd/internal/artifacts/store.go:171.4,171.25 1 0
github.com/flowd-org/flowd/internal/engine/bind_map.go:14.82,15.17 1 1
github.com/flowd-org/flowd/internal/engine/bind_map.go:15.17,17.3 1 0
github.com/flowd-org/flowd/internal/engine/bind_map.go:19.2,21.57 3 1
github.com/flowd-org/flowd/internal/engine/bind_map.go:21.57,23.3 1 0
github.com/flowd-org/flowd/internal/engine/bind_map.go:25.2,25.25 1 1
github.com/flowd-org/flowd/internal/engine/bind_map.go:25.25,26.53 1 1
github.com/flowd-org/flowd/internal/engine/bind_map.go:26.53,28.4 1 0
github.com/flowd-org/flowd/internal/engine/bind_map.go:29.3,29.32 1 1
github.com/flowd-org/flowd/internal/engine/bind_map.go:29.32,31.4 1 0
github.com/flowd-org/flowd/internal/engine/bind_map.go:34.2,34.32 1 1
github.com/flowd-org/flowd/internal/engine/bind_map.go:34.32,35.57 1 1
github.com/flowd-org/flowd/internal/engine/bind_map.go:35.57,37.4 1 0
github.com/flowd-org/flowd/internal/engine/bind_map.go:38.3,39.10 2 1
github.com/flowd-org/flowd/internal/engine/bind_map.go:39.10,40.12 1 0
github.com/flowd-org/flowd/internal/engine/bind_map.go:42.3,42.63 1 1
github.com/flowd-org/flowd/internal/engine/bind_map.go:42.63,44.4 1 0
github.com/flowd-org/flowd/internal/engine/bind_map.go:47.2,47.34 1 1
github.com/flowd-org/flowd/internal/engine/bind_map.go:50.74,51.30 1 1
github.com/flowd-org/flowd/internal/engine/bind_map.go:51.30,52.55 1 1
github.com/flowd-org/flowd/internal/engine/bind_map.go:52.55,54.4 1 0
github.com/flowd-org/flowd/internal/engine/bind_map.go:55.3,55.17 1 1
github.com/flowd-org/flowd/internal/engine/bind_map.go:56.17,58.30 2 1
github.com/flowd-org/flowd/internal/engine/bind_map.go:59.18,61.28 2 0
github.com/flowd-org/flowd/internal/engine/bind_map.go:62.18,64.33 2 0
github.com/flowd-org/flowd/internal/engine/bind_map.go:65.13,66.15 1 0
github.com/flowd-org/flowd/internal/engine/bind_map.go:67.15,68.20 1 0
github.com/flowd-org/flowd/internal/engine/bind_map.go:69.17,70.20 1 0
github.com/flowd-org/flowd/internal/engine/bind_map.go:72.4,72.30 1 0
github.com/flowd-org/flowd/internal/engine/bind_map.go:73.26,74.35 1 0
github.com/flowd-org/flowd/internal/engine/bind_map.go:75.11,76.62 1 0
github.com/flowd-org/flowd/internal/engine/bind_map.go:79.2,79.12 1 1
github.com/flowd-org/flowd/internal/engine/bind_map.go:82.87,83.18 1 1
github.com/flowd-org/flowd/internal/engine/bind_map.go:84.16,86.10 2 1
github.com/flowd-org/flowd/internal/engine/bind_map.go:86.10,88.4 1 0
github.com/flowd-org/flowd/internal/engine/bind_map.go:89.3,89.29 1 1
github.com/flowd-org/flowd/internal/engine/bind_map.go:90.17,92.10 2 0
github.com/flowd-org/flowd/internal/engine/bind_map.go:92.10,94.4 1 0
[...]
github.com/flowd-org/flowd/internal/coredb/ruley.go:52.44,54.3 1 1
github.com/flowd-org/flowd/internal/coredb/ruley.go:55.2,57.31 1 1
github.com/flowd-org/flowd/internal/coredb/ruley.go:57.31,57.58 1 1
github.com/flowd-org/flowd/internal/coredb/ruley.go:69.77,70.14 1 0
github.com/flowd-org/flowd/internal/coredb/ruley.go:70.14,72.3 1 0
github.com/flowd-org/flowd/internal/coredb/ruley.go:73.2,74.31 2 0
github.com/flowd-org/flowd/internal/coredb/ruley.go:74.31,76.23 2 0
github.com/flowd-org/flowd/internal/coredb/ruley.go:76.23,77.12 1 0
github.com/flowd-org/flowd/internal/coredb/ruley.go:79.3,79.21 1 0
github.com/flowd-org/flowd/internal/coredb/ruley.go:79.21,81.4 1 0
github.com/flowd-org/flowd/internal/coredb/ruley.go:82.3,82.22 1 0
github.com/flowd-org/flowd/internal/coredb/ruley.go:82.22,84.4 1 0
github.com/flowd-org/flowd/internal/coredb/ruley.go:85.3,85.23 1 0
github.com/flowd-org/flowd/internal/coredb/ruley.go:87.2,87.20 1 0
github.com/flowd-org/flowd/internal/coredb/ruley.go:134.121,135.48 1 1
github.com/flowd-org/flowd/internal/coredb/ruley.go:135.48,137.3 1 0
github.com/flowd-org/flowd/internal/coredb/ruley.go:138.2,139.16 2 1
github.com/flowd-org/flowd/internal/coredb/ruley.go:139.16,141.3 1 0
github.com/flowd-org/flowd/internal/coredb/ruley.go:142.2,143.16 2 1
github.com/flowd-org/flowd/internal/coredb/ruley.go:143.16,145.3 1 1
github.com/flowd-org/flowd/internal/coredb/ruley.go:146.2,146.37 1 1
github.com/flowd-org/flowd/internal/coredb/ruley.go:146.37,148.3 1 1
github.com/flowd-org/flowd/internal/coredb/ruley.go:150.2,152.16 3 1
github.com/flowd-org/flowd/internal/coredb/ruley.go:152.16,154.3 1 0
github.com/flowd-org/flowd/internal/coredb/ruley.go:155.2,155.15 1 1
github.com/flowd-org/flowd/internal/coredb/ruley.go:155.15,155.36 1 1
github.com/flowd-org/flowd/internal/coredb/ruley.go:157.2,159.16 3 1
github.com/flowd-org/flowd/internal/coredb/ruley.go:159.16,161.3 1 0
github.com/flowd-org/flowd/internal/coredb/ruley.go:162.2,163.22 2 1
github.com/flowd-org/flowd/internal/coredb/ruley.go:163.22,165.3 1 1
github.com/flowd-org/flowd/internal/coredb/ruley.go:166.2,166.23 1 1
github.com/flowd-org/flowd/internal/coredb/ruley.go:166.23,168.3 1 1
github.com/flowd-org/flowd/internal/coredb/ruley.go:169.2,170.132 2 1
github.com/flowd-org/flowd/internal/coredb/ruley.go:170.132,172.3 1 1
github.com/flowd-org/flowd/internal/coredb/ruley.go:174.2,177.23 4 1
github.com/flowd-org/flowd/internal/coredb/ruley.go:177.23,179.3 1 1
github.com/flowd-org/flowd/internal/coredb/ruley.go:185.2,198.46 3 1
github.com/flowd-org/flowd/internal/coredb/ruley.go:198.46,200.3 1 0
github.com/flowd-org/flowd/internal/coredb/ruley.go:202.2,202.36 1 1
github.com/flowd-org/flowd/internal/coredb/ruley.go:202.36,204.3 1 0
github.com/flowd-org/flowd/internal/coredb/ruley.go:205.2,205.24 1 1
github.com/flowd-org/flowd/internal/coredb/ruley.go:209.100,210.48 1 1
github.com/flowd-org/flowd/internal/coredb/ruley.go:210.48,212.3 1 0
github.com/flowd-org/flowd/internal/coredb/ruley.go:213.2,214.16 2 1
github.com/flowd-org/flowd/internal/coredb/ruley.go:214.16,216.3 1 0
github.com/flowd-org/flowd/internal/coredb/ruley.go:217.2,218.16 2 1
github.com/flowd-org/flowd/internal/coredb/ruley.go:218.16,220.3 1 0
github.com/flowd-org/flowd/internal/coredb/ruley.go:222.2,236.75 8 1
github.com/flowd-org/flowd/internal/coredb/ruley.go:236.75,237.36 1 1
github.com/flowd-org/flowd/internal/coredb/ruley.go:237.36,239.4 1 1
github.com/flowd-org/flowd/internal/coredb/ruley.go:240.3,240.38 1 0
github.com/flowd-org/flowd/internal/coredb/ruley.go:243.2,249.14 2 1
github.com/flowd-org/flowd/internal/coredb/ruley.go:253.84,254.48 1 1
github.com/flowd-org/flowd/internal/coredb/ruley.go:254.48,256.3 1 0
github.com/flowd-org/flowd/internal/coredb/ruley.go:257.2,258.16 2 1
github.com/flowd-org/flowd/internal/coredb/ruley.go:258.16,260.3 1 0
github.com/flowd-org/flowd/internal/coredb/ruley.go:261.2,262.16 2 1
github.com/flowd-org/flowd/internal/coredb/ruley.go:262.16,264.3 1 0
github.com/flowd-org/flowd/internal/coredb/ruley.go:266.2,271.16 3 1
github.com/flowd-org/flowd/internal/coredb/ruley.go:271.16,273.3 1 0
github.com/flowd-org/flowd/internal/coredb/ruley.go:274.2,275.26 2 1
github.com/flowd-org/flowd/internal/coredb/ruley.go:279.122,280.48 1 1
github.com/flowd-org/flowd/internal/coredb/ruley.go:280.48,282.3 1 0
github.com/flowd-org/flowd/internal/coredb/ruley.go:283.2,284.16 2 1
github.com/flowd-org/flowd/internal/coredb/ruley.go:284.16,286.3 1 0
github.com/flowd-org/flowd/internal/coredb/ruley.go:287.2,288.28 2 1
github.com/flowd-org/flowd/internal/coredb/ruley.go:288.28,289.66 1 1
github.com/flowd-org/flowd/internal/coredb/ruley.go:289.66,291.4 1 0
github.com/flowd-org/flowd/internal/coredb/ruley.go:293.2,294.28 2 1
github.com/flowd-org/flowd/internal/coredb/ruley.go:294.28,295.66 1 1
github.com/flowd-org/flowd/internal/coredb/ruley.go:295.66,297.4 1 0
github.com/flowd-org/flowd/internal/coredb/ruley.go:299.2,299.16 1 1
github.com/flowd-org/flowd/internal/coredb/ruley.go:299.16,301.3 1 0
github.com/flowd-org/flowd/internal/coredb/ruley.go:302.2,302.31 1 1
github.com/flowd-org/flowd/internal/coredb/ruley.go:302.31,304.3 1 1
github.com/flowd-org/flowd/internal/coredb/ruley.go:306.2,309.16 4 1
github.com/flowd-org/flowd/internal/coredb/ruley.go:309.16,311.3 1 0
github.com/flowd-org/flowd/internal/coredb/ruley.go:312.2,315.18 3 1
github.com/flowd-org/flowd/internal/coredb/ruley.go:315.18,321.79 6 1
github.com/flowd-org/flowd/internal/coredb/ruley.go:321.79,323.4 1 0
github.com/flowd-org/flowd/internal/coredb/ruley.go:324.3,331.30 2 1
github.com/flowd-org/flowd/internal/coredb/ruley.go:333.2,333.35 1 1
github.com/flowd-org/flowd/internal/coredb/ruley.go:333.35,335.3 1 0
github.com/flowd-org/flowd/internal/coredb/ruley.go:337.2,338.24 2 1
github.com/flowd-org/flowd/internal/coredb/ruley.go:338.24,341.3 2 1
github.com/flowd-org/flowd/internal/coredb/ruley.go:343.2,343.31 1 1
github.com/flowd-org/flowd/internal/coredb/ruley.go:348.142,349.48 1 1
github.com/flowd-org/flowd/internal/coredb/ruley.go:349.48,351.3 1 0
github.com/flowd-org/flowd/internal/coredb/ruley.go:352.2,353.16 2 1
github.com/flowd-org/flowd/internal/coredb/ruley.go:353.16,355.3 1 0
github.com/flowd-org/flowd/internal/coredb/ruley.go:356.2,357.16 2 1
github.com/flowd-org/flowd/internal/coredb/ruley.go:357.16,359.3 1 0
github.com/flowd-org/flowd/internal/coredb/ruley.go:360.2,360.37 1 1
github.com/flowd-org/flowd/internal/coredb/ruley.go:360.37,362.3 1 0
github.com/flowd-org/flowd/internal/coredb/ruley.go:364.2,366.16 3 1
github.com/flowd-org/flowd/internal/coredb/ruley.go:366.16,368.3 1 1
github.com/flowd-org/flowd/internal/coredb/ruley.go:369.2,369.15 1 1
github.com/flowd-org/flowd/internal/coredb/ruley.go:369.15,369.36 1 1
github.com/flowd-org/flowd/internal/coredb/ruley.go:371.2,373.16 3 1
github.com/flowd-org/flowd/internal/coredb/ruley.go:373.16,375.3 1 0
github.com/flowd-org/flowd/internal/coredb/ruley.go:376.2,376.14 1 1
github.com/flowd-org/flowd/internal/coredb/ruley.go:376.14,377.25 1 1
github.com/flowd-org/flowd/internal/coredb/ruley.go:377.25,379.4 1 0
github.com/flowd-org/flowd/internal/coredb/ruley.go:380.8,380.45 1 1
github.com/flowd-org/flowd/internal/coredb/ruley.go:380.45,382.3 1 1
github.com/flowd-org/flowd/internal/coredb/ruley.go:383.2,384.22 2 1
github.com/flowd-org/flowd/internal/coredb/ruley.go:384.22,386.3 1 0
github.com/flowd-org/flowd/internal/coredb/ruley.go:387.2,387.23 1 1
github.com/flowd-org/flowd/internal/coredb/ruley.go:387.23,389.3 1 0
github.com/flowd-org/flowd/internal/coredb/ruley.go:390.2,391.132 2 1
github.com/flowd-org/flowd/internal/coredb/ruley.go:391.132,393.3 1 0
github.com/flowd-org/flowd/internal/coredb/ruley.go:395.2,398.23 4 1
github.com/flowd-org/flowd/internal/coredb/ruley.go:398.23,400.3 1 1
github.com/flowd-org/flowd/internal/coredb/ruley.go:402.2,404.14 3 1
github.com/flowd-org/flowd/internal/coredb/ruley.go:404.14,411.17 3 1
github.com/flowd-org/flowd/internal/coredb/ruley.go:411.17,412.31 1 0
github.com/flowd-org/flowd/internal/coredb/ruley.go:412.31,414.5 1 0
github.com/flowd-org/flowd/internal/coredb/ruley.go:415.4,415.17 1 0
github.com/flowd-org/flowd/internal/coredb/ruley.go:417.3,418.17 2 1
github.com/flowd-org/flowd/internal/coredb/ruley.go:418.17,420.4 1 0
github.com/flowd-org/flowd/internal/coredb/ruley.go:421.3,421.20 1 1
github.com/flowd-org/flowd/internal/coredb/ruley.go:421.20,423.4 1 0
github.com/flowd-org/flowd/internal/coredb/ruley.go:424.8,431.17 2 1
github.com/flowd-org/flowd/internal/coredb/ruley.go:431.17,433.4 1 0
github.com/flowd-org/flowd/internal/coredb/ruley.go:434.3,435.20 2 1
github.com/flowd-org/flowd/internal/coredb/ruley.go:435.20,437.4 1 0
github.com/flowd-org/flowd/internal/coredb/ruley.go:439.2,439.36 1 1
github.com/flowd-org/flowd/internal/coredb/ruley.go:439.36,441.3 1 0
github.com/flowd-org/flowd/internal/coredb/ruley.go:442.2,442.24 1 1
github.com/flowd-org/flowd/internal/coredb/ruley.go:445.96,447.14 2 1
github.com/flowd-org/flowd/internal/coredb/ruley.go:447.14,449.3 1 0
github.com/flowd-org/flowd/internal/coredb/ruley.go:450.2,451.9 2 1
github.com/flowd-org/flowd/internal/coredb/ruley.go:451.9,453.3 1 0
github.com/flowd-org/flowd/internal/coredb/ruley.go:454.2,454.24 1 1
github.com/flowd-org/flowd/internal/coredb/ruley.go:454.24,456.3 1 0
github.com/flowd-org/flowd/internal/coredb/ruley.go:457.2,457.25 1 1
github.com/flowd-org/flowd/internal/coredb/ruley.go:457.25,459.3 1 0
github.com/flowd-org/flowd/internal/coredb/ruley.go:460.2,460.23 1 1
github.com/flowd-org/flowd/internal/coredb/ruley.go:463.52,465.46 2 1
github.com/flowd-org/flowd/internal/coredb/ruley.go:465.46,467.3 1 1
github.com/flowd-org/flowd/internal/coredb/ruley.go:468.2,468.24 1 1
github.com/flowd-org/flowd/internal/coredb/ruley.go:472.52,474.2 1 0
github.com/flowd-org/flowd/internal/coredb/ruley.go:476.50,477.23 1 1
github.com/flowd-org/flowd/internal/coredb/ruley.go:477.23,479.3 1 0
github.com/flowd-org/flowd/internal/coredb/ruley.go:480.2,480.27 1 1
github.com/flowd-org/flowd/internal/coredb/ruley.go:480.27,481.115 1 1
github.com/flowd-org/flowd/internal/coredb/ruley.go:481.115,482.12 1 1
github.com/flowd-org/flowd/internal/coredb/ruley.go:484.3,484.28 1 0
github.com/flowd-org/flowd/internal/coredb/ruley.go:486.2,486.12 1 1
github.com/flowd-org/flowd/internal/coredb/ruley.go:489.161,494.75 5 1
github.com/flowd-org/flowd/internal/coredb/ruley.go:494.75,495.36 1 1
github.com/flowd-org/flowd/internal/coredb/ruley.go:495.36,497.4 1 1
github.com/flowd-org/flowd/internal/coredb/ruley.go:498.3,498.33 1 0
github.com/flowd-org/flowd/internal/coredb/ruley.go:500.2,501.55 2 1
github.com/flowd-org/flowd/internal/coredb/ruley.go:504.189,505.47 1 1
github.com/flowd-org/flowd/internal/coredb/ruley.go:505.47,507.3 1 0
github.com/flowd-org/flowd/internal/coredb/ruley.go:509.2,518.48 4 1
github.com/flowd-org/flowd/internal/coredb/ruley.go:518.48,520.3 1 0
github.com/flowd-org/flowd/internal/coredb/ruley.go:521.2,522.32 2 1
github.com/flowd-org/flowd/internal/coredb/ruley.go:522.32,524.3 1 1
github.com/flowd-org/flowd/internal/coredb/ruley.go:525.2,525.50 1 1
github.com/flowd-org/flowd/internal/coredb/ruley.go:525.50,527.3 1 1
github.com/flowd-org/flowd/internal/coredb/ruley.go:529.2,530.20 2 1
github.com/flowd-org/flowd/internal/coredb/ruley.go:530.20,532.3 1 1
github.com/flowd-org/flowd/internal/coredb/ruley.go:533.2,534.55 2 1
github.com/flowd-org/flowd/internal/coredb/ruley.go:534.55,536.3 1 1
github.com/flowd-org/flowd/internal/coredb/ruley.go:537.2,537.12 1 1
github.com/flowd-org/flowd/internal/coredb/ruley.go:540.83,541.14 1 1
github.com/flowd-org/flowd/internal/coredb/ruley.go:541.14,543.3 1 1
github.com/flowd-org/flowd/internal/coredb/ruley.go:544.2,544.80 1 1
github.com/flowd-org/flowd/internal/coredb/ruley.go:547.99,555.18 4 1
github.com/flowd-org/flowd/internal/coredb/ruley.go:555.18,558.47 3 1
github.com/flowd-org/flowd/internal/coredb/ruley.go:558.47,561.4 2 1
github.com/flowd-org/flowd/internal/coredb/ruley.go:564.2,564.18 1 1
github.com/flowd-org/flowd/internal/coredb/ruley.go:564.18,567.3 2 1
github.com/flowd-org/flowd/internal/coredb/ruley.go:569.2,572.20 3 1
github.com/flowd-org/flowd/internal/coredb/ruley.go:575.39,577.37 2 1
github.com/flowd-org/flowd/internal/coredb/ruley.go:577.37,578.21 1 1
github.com/flowd-org/flowd/internal/coredb/ruley.go:578.21,581.4 2 1
github.com/flowd-org/flowd/internal/coredb/ruley.go:583.2,583.11 1 0
github.com/flowd-org/flowd/internal/coredb/ruley_janitor.go:37.70,39.18 2 1
github.com/flowd-org/flowd/internal/coredb/ruley_janitor.go:39.18,40.28 1 0
github.com/flowd-org/flowd/internal/coredb/ruley_janitor.go:40.28,40.55 1 0
github.com/flowd-org/flowd/internal/coredb/ruley_janitor.go:42.2,43.19 2 1
github.com/flowd-org/flowd/internal/coredb/ruley_janitor.go:43.19,45.3 1 1
github.com/flowd-org/flowd/internal/coredb/ruley_janitor.go:46.2,47.16 2 1
github.com/flowd-org/flowd/internal/coredb/ruley_janitor.go:47.16,49.3 1 1
github.com/flowd-org/flowd/internal/coredb/ruley_janitor.go:50.2,51.24 2 1
github.com/flowd-org/flowd/internal/coredb/ruley_janitor.go:51.24,53.3 1 1
github.com/flowd-org/flowd/internal/coredb/ruley_janitor.go:54.2,61.3 1 1
github.com/flowd-org/flowd/internal/coredb/ruley_janitor.go:65.66,66.48 1 1
github.com/flowd-org/flowd/internal/coredb/ruley_janitor.go:66.48,68.3 1 0
github.com/flowd-org/flowd/internal/coredb/ruley_janitor.go:69.2,77.16 3 1
github.com/flowd-org/flowd/internal/coredb/ruley_janitor.go:77.16,79.3 1 0
github.com/flowd-org/flowd/internal/coredb/ruley_janitor.go:80.2,81.16 2 1
github.com/flowd-org/flowd/internal/coredb/ruley_janitor.go:81.16,83.3 1 0
github.com/flowd-org/flowd/internal/coredb/ruley_janitor.go:84.2,84.22 1 1
github.com/flowd-org/flowd/internal/coredb/ruley_janitor.go:89.78,90.48 1 1
github.com/flowd-org/flowd/internal/coredb/ruley_janitor.go:90.48,92.3 1 0
github.com/flowd-org/flowd/internal/coredb/ruley_janitor.go:93.2,95.33 2 1
github.com/flowd-org/flowd/internal/coredb/ruley_janitor.go:95.33,97.17 2 1
github.com/flowd-org/flowd/internal/coredb/ruley_janitor.go:97.17,99.4 1 0
github.com/flowd-org/flowd/internal/coredb/ruley_janitor.go:100.3,100.19 1 1
github.com/flowd-org/flowd/internal/coredb/ruley_janitor.go:100.19,101.9 1 1
github.com/flowd-org/flowd/internal/coredb/ruley_janitor.go:103.3,103.26 1 1
github.com/flowd-org/flowd/internal/coredb/ruley_janitor.go:105.2,105.26 1 1
github.com/flowd-org/flowd/internal/coredb/ruley_janitor.go:109.55,110.48 1 1
github.com/flowd-org/flowd/internal/coredb/ruley_janitor.go:110.48,112.3 1 0
github.com/flowd-org/flowd/internal/coredb/ruley_janitor.go:114.2,116.18 3 1
github.com/flowd-org/flowd/internal/coredb/ruley_janitor.go:116.18,120.3 3 0
github.com/flowd-org/flowd/internal/coredb/ruley_janitor.go:122.2,122.6 1 1
github.com/flowd-org/flowd/internal/coredb/ruley_janitor.go:122.6,123.10 1 1
github.com/flowd-org/flowd/internal/coredb/ruley_janitor.go:124.21,125.14 1 1
github.com/flowd-org/flowd/internal/coredb/ruley_janitor.go:126.16,129.39 1 1
github.com/flowd-org/flowd/internal/coredb/ruley_janitor.go:129.39,131.81 2 0
github.com/flowd-org/flowd/internal/coredb/ruley_janitor.go:131.81,133.6 1 0
github.com/flowd-org/flowd/internal/coredb/runs.go:34.36,35.15 1 0
github.com/flowd-org/flowd/internal/coredb/runs.go:35.15,37.3 1 0
github.com/flowd-org/flowd/internal/coredb/runs.go:38.2,38.30 1 0
github.com/flowd-org/flowd/internal/coredb/runs.go:42.72,44.2 1 0
github.com/flowd-org/flowd/internal/coredb/runs.go:47.72,49.2 1 0
github.com/flowd-org/flowd/internal/coredb/runs.go:52.81,53.14 1 0
github.com/flowd-org/flowd/internal/coredb/runs.go:53.14,55.3 1 0
github.com/flowd-org/flowd/internal/coredb/runs.go:56.2,66.194 11 0
github.com/flowd-org/flowd/internal/coredb/runs.go:66.194,68.3 1 0
github.com/flowd-org/flowd/internal/coredb/runs.go:68.8,68.23 1 0
github.com/flowd-org/flowd/internal/coredb/runs.go:68.23,70.3 1 0
github.com/flowd-org/flowd/internal/coredb/runs.go:71.2,71.19 1 0
github.com/flowd-org/flowd/internal/coredb/runs.go:71.19,73.3 1 0
github.com/flowd-org/flowd/internal/coredb/runs.go:74.2,74.22 1 0
github.com/flowd-org/flowd/internal/coredb/runs.go:74.22,77.3 2 0
github.com/flowd-org/flowd/internal/coredb/runs.go:78.2,78.20 1 0
github.com/flowd-org/flowd/internal/coredb/runs.go:78.20,80.3 1 0
github.com/flowd-org/flowd/internal/coredb/runs.go:81.2,81.19 1 0
github.com/flowd-org/flowd/internal/coredb/runs.go:81.19,83.3 1 0
github.com/flowd-org/flowd/internal/coredb/runs.go:84.2,84.27 1 0
github.com/flowd-org/flowd/internal/coredb/runs.go:84.27,86.3 1 0
github.com/flowd-org/flowd/internal/coredb/runs.go:87.2,87.21 1 0
github.com/flowd-org/flowd/internal/coredb/runs.go:87.21,89.3 1 0
github.com/flowd-org/flowd/internal/coredb/runs.go:90.2,90.26 1 0
github.com/flowd-org/flowd/internal/coredb/runs.go:90.26,92.62 2 0
github.com/flowd-org/flowd/internal/coredb/runs.go:92.62,94.4 1 0
github.com/flowd-org/flowd/internal/coredb/runs.go:96.2,96.30 1 0
github.com/flowd-org/flowd/internal/coredb/runs.go:96.30,98.70 2 0
github.com/flowd-org/flowd/internal/coredb/runs.go:98.70,100.4 1 0
github.com/flowd-org/flowd/internal/coredb/runs.go:102.2,102.23 1 0
github.com/flowd-org/flowd/internal/coredb/runs.go:106.67,107.14 1 0
github.com/flowd-org/flowd/internal/coredb/runs.go:107.14,109.3 1 0
github.com/flowd-org/flowd/internal/coredb/runs.go:110.2,111.16 2 0
github.com/flowd-org/flowd/internal/coredb/runs.go:111.16,113.3 1 0
github.com/flowd-org/flowd/internal/coredb/runs.go:114.2,116.18 3 0
github.com/flowd-org/flowd/internal/coredb/runs.go:116.18,126.177 10 0
github.com/flowd-org/flowd/internal/coredb/runs.go:126.177,128.4 1 0
github.com/flowd-org/flowd/internal/coredb/runs.go:129.3,129.20 1 0
github.com/flowd-org/flowd/internal/coredb/runs.go:129.20,131.4 1 0
github.com/flowd-org/flowd/internal/coredb/runs.go:132.3,132.23 1 0
github.com/flowd-org/flowd/internal/coredb/runs.go:132.23,135.4 2 0
github.com/flowd-org/flowd/internal/coredb/runs.go:136.3,136.21 1 0
github.com/flowd-org/flowd/internal/coredb/runs.go:136.21,138.4 1 0
github.com/flowd-org/flowd/internal/coredb/runs.go:139.3,139.20 1 0
github.com/flowd-org/flowd/internal/coredb/runs.go:139.20,141.4 1 0
github.com/flowd-org/flowd/internal/coredb/runs.go:142.3,142.28 1 0
github.com/flowd-org/flowd/internal/coredb/runs.go:142.28,144.4 1 0
github.com/flowd-org/flowd/internal/coredb/runs.go:145.3,145.22 1 0
github.com/flowd-org/flowd/internal/coredb/runs.go:145.22,147.4 1 0
github.com/flowd-org/flowd/internal/coredb/runs.go:148.3,148.27 1 0
github.com/flowd-org/flowd/internal/coredb/runs.go:148.27,150.63 2 0
github.com/flowd-org/flowd/internal/coredb/runs.go:150.63,152.5 1 0
github.com/flowd-org/flowd/internal/coredb/runs.go:154.3,154.31 1 0
github.com/flowd-org/flowd/internal/coredb/runs.go:154.31,156.71 2 0
github.com/flowd-org/flowd/internal/coredb/runs.go:156.71,158.5 1 0
github.com/flowd-org/flowd/internal/coredb/runs.go:160.3,160.25 1 0
github.com/flowd-org/flowd/internal/coredb/runs.go:162.2,162.35 1 0
github.com/flowd-org/flowd/internal/coredb/runs.go:162.35,164.3 1 0
github.com/flowd-org/flowd/internal/coredb/runs.go:165.2,165.17 1 0
github.com/flowd-org/flowd/internal/coredb/runs.go:168.72,169.14 1 0
github.com/flowd-org/flowd/internal/coredb/runs.go:169.14,171.3 1 0
github.com/flowd-org/flowd/internal/coredb/runs.go:172.2,173.16 2 0
github.com/flowd-org/flowd/internal/coredb/runs.go:173.16,175.3 1 0
github.com/flowd-org/flowd/internal/coredb/runs.go:176.2,177.16 2 0
github.com/flowd-org/flowd/internal/coredb/runs.go:177.16,179.3 1 0
github.com/flowd-org/flowd/internal/coredb/runs.go:180.2,181.30 2 0
github.com/flowd-org/flowd/internal/coredb/runs.go:181.30,183.3 1 0
github.com/flowd-org/flowd/internal/coredb/runs.go:184.2,199.12 2 0
github.com/flowd-org/flowd/internal/coredb/runs.go:202.58,203.21 1 0
github.com/flowd-org/flowd/internal/coredb/runs.go:203.21,205.3 1 0
github.com/flowd-org/flowd/internal/coredb/runs.go:206.2,206.28 1 0
